08-Jun-2025 13:35:58.620 INFO [main] org.apache.catalina.startup.VersionLoggerListener.log Server version name:   Apache Tomcat/9.0.104
08-Jun-2025 13:35:58.623 INFO [main] org.apache.catalina.startup.VersionLoggerListener.log Server built:          Apr 4 2025 12:32:55 UTC
08-Jun-2025 13:35:58.623 INFO [main] org.apache.catalina.startup.VersionLoggerListener.log Server version number: 9.0.104.0
08-Jun-2025 13:35:58.623 INFO [main] org.apache.catalina.startup.VersionLoggerListener.log OS Name:               Linux
08-Jun-2025 13:35:58.623 INFO [main] org.apache.catalina.startup.VersionLoggerListener.log OS Version:            6.11.0-26-generic
08-Jun-2025 13:35:58.623 INFO [main] org.apache.catalina.startup.VersionLoggerListener.log Architecture:          amd64
08-Jun-2025 13:35:58.623 INFO [main] org.apache.catalina.startup.VersionLoggerListener.log Java Home:             /opt/jdk-22.0.2
08-Jun-2025 13:35:58.623 INFO [main] org.apache.catalina.startup.VersionLoggerListener.log JVM Version:           22.0.2+9-70
08-Jun-2025 13:35:58.623 INFO [main] org.apache.catalina.startup.VersionLoggerListener.log JVM Vendor:            Oracle Corporation
08-Jun-2025 13:35:58.623 INFO [main] org.apache.catalina.startup.VersionLoggerListener.log CATALINA_BASE:         /home/parri/Documents/FIB/erasmus+/electric/bookstore/tomcat9
08-Jun-2025 13:35:58.624 INFO [main] org.apache.catalina.startup.VersionLoggerListener.log CATALINA_HOME:         /home/parri/Documents/FIB/erasmus+/electric/bookstore/tomcat9
08-Jun-2025 13:35:58.632 INFO [main] org.apache.catalina.startup.VersionLoggerListener.log Command line argument: --add-opens=java.base/java.lang=ALL-UNNAMED
08-Jun-2025 13:35:58.632 INFO [main] org.apache.catalina.startup.VersionLoggerListener.log Command line argument: --add-opens=java.base/java.lang.invoke=ALL-UNNAMED
08-Jun-2025 13:35:58.632 INFO [main] org.apache.catalina.startup.VersionLoggerListener.log Command line argument: --add-opens=java.base/java.lang.reflect=ALL-UNNAMED
08-Jun-2025 13:35:58.632 INFO [main] org.apache.catalina.startup.VersionLoggerListener.log Command line argument: --add-opens=java.base/java.io=ALL-UNNAMED
08-Jun-2025 13:35:58.632 INFO [main] org.apache.catalina.startup.VersionLoggerListener.log Command line argument: --add-opens=java.base/java.util=ALL-UNNAMED
08-Jun-2025 13:35:58.632 INFO [main] org.apache.catalina.startup.VersionLoggerListener.log Command line argument: --add-opens=java.base/java.util.concurrent=ALL-UNNAMED
08-Jun-2025 13:35:58.632 INFO [main] org.apache.catalina.startup.VersionLoggerListener.log Command line argument: --add-opens=java.rmi/sun.rmi.transport=ALL-UNNAMED
08-Jun-2025 13:35:58.633 INFO [main] org.apache.catalina.startup.VersionLoggerListener.log Command line argument: -Djava.util.logging.config.file=/home/parri/Documents/FIB/erasmus+/electric/bookstore/tomcat9/conf/logging.properties
08-Jun-2025 13:35:58.633 INFO [main] org.apache.catalina.startup.VersionLoggerListener.log Command line argument: -Djava.util.logging.manager=org.apache.juli.ClassLoaderLogManager
08-Jun-2025 13:35:58.633 INFO [main] org.apache.catalina.startup.VersionLoggerListener.log Command line argument: -Djdk.tls.ephemeralDHKeySize=2048
08-Jun-2025 13:35:58.633 INFO [main] org.apache.catalina.startup.VersionLoggerListener.log Command line argument: -Djava.protocol.handler.pkgs=org.apache.catalina.webresources
08-Jun-2025 13:35:58.633 INFO [main] org.apache.catalina.startup.VersionLoggerListener.log Command line argument: -Dsun.io.useCanonCaches=false
08-Jun-2025 13:35:58.633 INFO [main] org.apache.catalina.startup.VersionLoggerListener.log Command line argument: -Dorg.apache.catalina.security.SecurityListener.UMASK=0027
08-Jun-2025 13:35:58.633 INFO [main] org.apache.catalina.startup.VersionLoggerListener.log Command line argument: -Dignore.endorsed.dirs=
08-Jun-2025 13:35:58.633 INFO [main] org.apache.catalina.startup.VersionLoggerListener.log Command line argument: -Dcatalina.base=/home/parri/Documents/FIB/erasmus+/electric/bookstore/tomcat9
08-Jun-2025 13:35:58.633 INFO [main] org.apache.catalina.startup.VersionLoggerListener.log Command line argument: -Dcatalina.home=/home/parri/Documents/FIB/erasmus+/electric/bookstore/tomcat9
08-Jun-2025 13:35:58.633 INFO [main] org.apache.catalina.startup.VersionLoggerListener.log Command line argument: -Djava.io.tmpdir=/home/parri/Documents/FIB/erasmus+/electric/bookstore/tomcat9/temp
08-Jun-2025 13:35:58.634 INFO [main] org.apache.catalina.core.AprLifecycleListener.lifecycleEvent The Apache Tomcat Native library which allows using OpenSSL was not found on the java.library.path: [/usr/java/packages/lib:/usr/lib64:/lib64:/lib:/usr/lib]
08-Jun-2025 13:35:58.860 INFO [main] org.apache.coyote.AbstractProtocol.init Initializing ProtocolHandler ["http-nio-8080"]
08-Jun-2025 13:35:58.877 INFO [main] org.apache.catalina.startup.Catalina.load Server initialization in [394] milliseconds
08-Jun-2025 13:35:58.905 INFO [main] org.apache.catalina.core.StandardService.startInternal Starting service [Catalina]
08-Jun-2025 13:35:58.905 INFO [main] org.apache.catalina.core.StandardEngine.startInternal Starting Servlet engine: [Apache Tomcat/9.0.104]
08-Jun-2025 13:35:58.910 INFO [main] org.apache.catalina.startup.HostConfig.deployDirectory Deploying web application directory [/home/parri/Documents/FIB/erasmus+/electric/bookstore/tomcat9/webapps/manager]
08-Jun-2025 13:35:59.154 INFO [main] org.apache.jasper.servlet.TldScanner.scanJars At least one JAR was scanned for TLDs yet contained no TLDs. Enable debug logging for this logger for a complete list of JARs that were scanned but no TLDs were found in them. Skipping unneeded JARs during scanning can improve startup time and JSP compilation time.
08-Jun-2025 13:35:59.186 INFO [main] org.apache.catalina.startup.HostConfig.deployDirectory Deployment of web application directory [/home/parri/Documents/FIB/erasmus+/electric/bookstore/tomcat9/webapps/manager] has finished in [275] ms
08-Jun-2025 13:35:59.186 INFO [main] org.apache.catalina.startup.HostConfig.deployDirectory Deploying web application directory [/home/parri/Documents/FIB/erasmus+/electric/bookstore/tomcat9/webapps/host-manager]
08-Jun-2025 13:35:59.235 INFO [main] org.apache.jasper.servlet.TldScanner.scanJars At least one JAR was scanned for TLDs yet contained no TLDs. Enable debug logging for this logger for a complete list of JARs that were scanned but no TLDs were found in them. Skipping unneeded JARs during scanning can improve startup time and JSP compilation time.
08-Jun-2025 13:35:59.237 INFO [main] org.apache.catalina.startup.HostConfig.deployDirectory Deployment of web application directory [/home/parri/Documents/FIB/erasmus+/electric/bookstore/tomcat9/webapps/host-manager] has finished in [50] ms
08-Jun-2025 13:35:59.237 INFO [main] org.apache.catalina.startup.HostConfig.deployDirectory Deploying web application directory [/home/parri/Documents/FIB/erasmus+/electric/bookstore/tomcat9/webapps/docs]
08-Jun-2025 13:35:59.278 INFO [main] org.apache.jasper.servlet.TldScanner.scanJars At least one JAR was scanned for TLDs yet contained no TLDs. Enable debug logging for this logger for a complete list of JARs that were scanned but no TLDs were found in them. Skipping unneeded JARs during scanning can improve startup time and JSP compilation time.
08-Jun-2025 13:35:59.279 INFO [main] org.apache.catalina.startup.HostConfig.deployDirectory Deployment of web application directory [/home/parri/Documents/FIB/erasmus+/electric/bookstore/tomcat9/webapps/docs] has finished in [42] ms
08-Jun-2025 13:35:59.279 INFO [main] org.apache.catalina.startup.HostConfig.deployDirectory Deploying web application directory [/home/parri/Documents/FIB/erasmus+/electric/bookstore/tomcat9/webapps/examples]
08-Jun-2025 13:35:59.423 INFO [main] org.apache.jasper.servlet.TldScanner.scanJars At least one JAR was scanned for TLDs yet contained no TLDs. Enable debug logging for this logger for a complete list of JARs that were scanned but no TLDs were found in them. Skipping unneeded JARs during scanning can improve startup time and JSP compilation time.
08-Jun-2025 13:35:59.454 INFO [main] org.apache.catalina.startup.HostConfig.deployDirectory Deployment of web application directory [/home/parri/Documents/FIB/erasmus+/electric/bookstore/tomcat9/webapps/examples] has finished in [174] ms
08-Jun-2025 13:35:59.454 INFO [main] org.apache.catalina.startup.HostConfig.deployDirectory Deploying web application directory [/home/parri/Documents/FIB/erasmus+/electric/bookstore/tomcat9/webapps/bookstore]
08-Jun-2025 13:35:59.511 INFO [main] org.apache.jasper.servlet.TldScanner.scanJars At least one JAR was scanned for TLDs yet contained no TLDs. Enable debug logging for this logger for a complete list of JARs that were scanned but no TLDs were found in them. Skipping unneeded JARs during scanning can improve startup time and JSP compilation time.
08-Jun-2025 13:35:59.517 INFO [main] org.apache.catalina.startup.HostConfig.deployDirectory Deployment of web application directory [/home/parri/Documents/FIB/erasmus+/electric/bookstore/tomcat9/webapps/bookstore] has finished in [63] ms
08-Jun-2025 13:35:59.517 INFO [main] org.apache.catalina.startup.HostConfig.deployDirectory Deploying web application directory [/home/parri/Documents/FIB/erasmus+/electric/bookstore/tomcat9/webapps/ROOT]
08-Jun-2025 13:35:59.561 INFO [main] org.apache.jasper.servlet.TldScanner.scanJars At least one JAR was scanned for TLDs yet contained no TLDs. Enable debug logging for this logger for a complete list of JARs that were scanned but no TLDs were found in them. Skipping unneeded JARs during scanning can improve startup time and JSP compilation time.
08-Jun-2025 13:35:59.563 INFO [main] org.apache.catalina.startup.HostConfig.deployDirectory Deployment of web application directory [/home/parri/Documents/FIB/erasmus+/electric/bookstore/tomcat9/webapps/ROOT] has finished in [46] ms
08-Jun-2025 13:35:59.566 INFO [main] org.apache.coyote.AbstractProtocol.start Starting ProtocolHandler ["http-nio-8080"]
08-Jun-2025 13:35:59.575 INFO [main] org.apache.catalina.startup.Catalina.start Server startup in [697] milliseconds
08-Jun-2025 14:29:02.938 INFO [main] org.apache.catalina.startup.VersionLoggerListener.log Server version name:   Apache Tomcat/9.0.104
08-Jun-2025 14:29:02.941 INFO [main] org.apache.catalina.startup.VersionLoggerListener.log Server built:          Apr 4 2025 12:32:55 UTC
08-Jun-2025 14:29:02.941 INFO [main] org.apache.catalina.startup.VersionLoggerListener.log Server version number: 9.0.104.0
08-Jun-2025 14:29:02.941 INFO [main] org.apache.catalina.startup.VersionLoggerListener.log OS Name:               Linux
08-Jun-2025 14:29:02.941 INFO [main] org.apache.catalina.startup.VersionLoggerListener.log OS Version:            6.11.0-26-generic
08-Jun-2025 14:29:02.942 INFO [main] org.apache.catalina.startup.VersionLoggerListener.log Architecture:          amd64
08-Jun-2025 14:29:02.942 INFO [main] org.apache.catalina.startup.VersionLoggerListener.log Java Home:             /opt/jdk-22.0.2
08-Jun-2025 14:29:02.942 INFO [main] org.apache.catalina.startup.VersionLoggerListener.log JVM Version:           22.0.2+9-70
08-Jun-2025 14:29:02.942 INFO [main] org.apache.catalina.startup.VersionLoggerListener.log JVM Vendor:            Oracle Corporation
08-Jun-2025 14:29:02.942 INFO [main] org.apache.catalina.startup.VersionLoggerListener.log CATALINA_BASE:         /home/parri/Documents/FIB/erasmus+/electric/bookstore/tomcat9
08-Jun-2025 14:29:02.942 INFO [main] org.apache.catalina.startup.VersionLoggerListener.log CATALINA_HOME:         /home/parri/Documents/FIB/erasmus+/electric/bookstore/tomcat9
08-Jun-2025 14:29:02.946 INFO [main] org.apache.catalina.startup.VersionLoggerListener.log Command line argument: --add-opens=java.base/java.lang=ALL-UNNAMED
08-Jun-2025 14:29:02.946 INFO [main] org.apache.catalina.startup.VersionLoggerListener.log Command line argument: --add-opens=java.base/java.lang.invoke=ALL-UNNAMED
08-Jun-2025 14:29:02.946 INFO [main] org.apache.catalina.startup.VersionLoggerListener.log Command line argument: --add-opens=java.base/java.lang.reflect=ALL-UNNAMED
08-Jun-2025 14:29:02.946 INFO [main] org.apache.catalina.startup.VersionLoggerListener.log Command line argument: --add-opens=java.base/java.io=ALL-UNNAMED
08-Jun-2025 14:29:02.947 INFO [main] org.apache.catalina.startup.VersionLoggerListener.log Command line argument: --add-opens=java.base/java.util=ALL-UNNAMED
08-Jun-2025 14:29:02.947 INFO [main] org.apache.catalina.startup.VersionLoggerListener.log Command line argument: --add-opens=java.base/java.util.concurrent=ALL-UNNAMED
08-Jun-2025 14:29:02.947 INFO [main] org.apache.catalina.startup.VersionLoggerListener.log Command line argument: --add-opens=java.rmi/sun.rmi.transport=ALL-UNNAMED
08-Jun-2025 14:29:02.947 INFO [main] org.apache.catalina.startup.VersionLoggerListener.log Command line argument: -Djava.util.logging.config.file=/home/parri/Documents/FIB/erasmus+/electric/bookstore/tomcat9/conf/logging.properties
08-Jun-2025 14:29:02.947 INFO [main] org.apache.catalina.startup.VersionLoggerListener.log Command line argument: -Djava.util.logging.manager=org.apache.juli.ClassLoaderLogManager
08-Jun-2025 14:29:02.947 INFO [main] org.apache.catalina.startup.VersionLoggerListener.log Command line argument: -Djdk.tls.ephemeralDHKeySize=2048
08-Jun-2025 14:29:02.947 INFO [main] org.apache.catalina.startup.VersionLoggerListener.log Command line argument: -Djava.protocol.handler.pkgs=org.apache.catalina.webresources
08-Jun-2025 14:29:02.947 INFO [main] org.apache.catalina.startup.VersionLoggerListener.log Command line argument: -Dsun.io.useCanonCaches=false
08-Jun-2025 14:29:02.948 INFO [main] org.apache.catalina.startup.VersionLoggerListener.log Command line argument: -Dorg.apache.catalina.security.SecurityListener.UMASK=0027
08-Jun-2025 14:29:02.948 INFO [main] org.apache.catalina.startup.VersionLoggerListener.log Command line argument: -Dignore.endorsed.dirs=
08-Jun-2025 14:29:02.948 INFO [main] org.apache.catalina.startup.VersionLoggerListener.log Command line argument: -Dcatalina.base=/home/parri/Documents/FIB/erasmus+/electric/bookstore/tomcat9
08-Jun-2025 14:29:02.948 INFO [main] org.apache.catalina.startup.VersionLoggerListener.log Command line argument: -Dcatalina.home=/home/parri/Documents/FIB/erasmus+/electric/bookstore/tomcat9
08-Jun-2025 14:29:02.948 INFO [main] org.apache.catalina.startup.VersionLoggerListener.log Command line argument: -Djava.io.tmpdir=/home/parri/Documents/FIB/erasmus+/electric/bookstore/tomcat9/temp
08-Jun-2025 14:29:02.949 INFO [main] org.apache.catalina.core.AprLifecycleListener.lifecycleEvent The Apache Tomcat Native library which allows using OpenSSL was not found on the java.library.path: [/usr/java/packages/lib:/usr/lib64:/lib64:/lib:/usr/lib]
08-Jun-2025 14:29:03.164 INFO [main] org.apache.coyote.AbstractProtocol.init Initializing ProtocolHandler ["http-nio-8080"]
08-Jun-2025 14:29:03.173 SEVERE [main] org.apache.catalina.util.LifecycleBase.handleSubClassException Failed to initialize component [Connector["http-nio-8080"]]
	org.apache.catalina.LifecycleException: Protocol handler initialization failed
		at org.apache.catalina.connector.Connector.initInternal(Connector.java:1048)
		at org.apache.catalina.util.LifecycleBase.init(LifecycleBase.java:122)
		at org.apache.catalina.core.StandardService.initInternal(StandardService.java:522)
		at org.apache.catalina.util.LifecycleBase.init(LifecycleBase.java:122)
		at org.apache.catalina.core.StandardServer.initInternal(StandardServer.java:986)
		at org.apache.catalina.util.LifecycleBase.init(LifecycleBase.java:122)
		at org.apache.catalina.startup.Catalina.load(Catalina.java:690)
		at org.apache.catalina.startup.Catalina.load(Catalina.java:713)
		at java.base/jdk.internal.reflect.DirectMethodHandleAccessor.invoke(DirectMethodHandleAccessor.java:103)
		at java.base/java.lang.reflect.Method.invoke(Method.java:580)
		at org.apache.catalina.startup.Bootstrap.load(Bootstrap.java:302)
		at org.apache.catalina.startup.Bootstrap.main(Bootstrap.java:475)
	Caused by: java.net.BindException: Address already in use
		at java.base/sun.nio.ch.Net.bind0(Native Method)
		at java.base/sun.nio.ch.Net.bind(Net.java:565)
		at java.base/sun.nio.ch.ServerSocketChannelImpl.netBind(ServerSocketChannelImpl.java:344)
		at java.base/sun.nio.ch.ServerSocketChannelImpl.bind(ServerSocketChannelImpl.java:301)
		at org.apache.tomcat.util.net.NioEndpoint.initServerSocket(NioEndpoint.java:268)
		at org.apache.tomcat.util.net.NioEndpoint.bind(NioEndpoint.java:223)
		at org.apache.tomcat.util.net.AbstractEndpoint.bindWithCleanup(AbstractEndpoint.java:1373)
		at org.apache.tomcat.util.net.AbstractEndpoint.init(AbstractEndpoint.java:1386)
		at org.apache.coyote.AbstractProtocol.init(AbstractProtocol.java:663)
		at org.apache.coyote.http11.AbstractHttp11Protocol.init(AbstractHttp11Protocol.java:80)
		at org.apache.catalina.connector.Connector.initInternal(Connector.java:1046)
		... 11 more
08-Jun-2025 14:29:03.174 INFO [main] org.apache.catalina.startup.Catalina.load Server initialization in [342] milliseconds
08-Jun-2025 14:29:03.200 INFO [main] org.apache.catalina.core.StandardService.startInternal Starting service [Catalina]
08-Jun-2025 14:29:03.201 INFO [main] org.apache.catalina.core.StandardEngine.startInternal Starting Servlet engine: [Apache Tomcat/9.0.104]
08-Jun-2025 14:29:03.207 INFO [main] org.apache.catalina.startup.HostConfig.deployDirectory Deploying web application directory [/home/parri/Documents/FIB/erasmus+/electric/bookstore/tomcat9/webapps/manager]
08-Jun-2025 14:29:03.452 INFO [main] org.apache.jasper.servlet.TldScanner.scanJars At least one JAR was scanned for TLDs yet contained no TLDs. Enable debug logging for this logger for a complete list of JARs that were scanned but no TLDs were found in them. Skipping unneeded JARs during scanning can improve startup time and JSP compilation time.
08-Jun-2025 14:29:03.482 INFO [main] org.apache.catalina.startup.HostConfig.deployDirectory Deployment of web application directory [/home/parri/Documents/FIB/erasmus+/electric/bookstore/tomcat9/webapps/manager] has finished in [275] ms
08-Jun-2025 14:29:03.483 INFO [main] org.apache.catalina.startup.HostConfig.deployDirectory Deploying web application directory [/home/parri/Documents/FIB/erasmus+/electric/bookstore/tomcat9/webapps/host-manager]
08-Jun-2025 14:29:03.539 INFO [main] org.apache.jasper.servlet.TldScanner.scanJars At least one JAR was scanned for TLDs yet contained no TLDs. Enable debug logging for this logger for a complete list of JARs that were scanned but no TLDs were found in them. Skipping unneeded JARs during scanning can improve startup time and JSP compilation time.
08-Jun-2025 14:29:03.540 INFO [main] org.apache.catalina.startup.HostConfig.deployDirectory Deployment of web application directory [/home/parri/Documents/FIB/erasmus+/electric/bookstore/tomcat9/webapps/host-manager] has finished in [57] ms
08-Jun-2025 14:29:03.541 INFO [main] org.apache.catalina.startup.HostConfig.deployDirectory Deploying web application directory [/home/parri/Documents/FIB/erasmus+/electric/bookstore/tomcat9/webapps/docs]
08-Jun-2025 14:29:03.579 INFO [main] org.apache.jasper.servlet.TldScanner.scanJars At least one JAR was scanned for TLDs yet contained no TLDs. Enable debug logging for this logger for a complete list of JARs that were scanned but no TLDs were found in them. Skipping unneeded JARs during scanning can improve startup time and JSP compilation time.
08-Jun-2025 14:29:03.580 INFO [main] org.apache.catalina.startup.HostConfig.deployDirectory Deployment of web application directory [/home/parri/Documents/FIB/erasmus+/electric/bookstore/tomcat9/webapps/docs] has finished in [39] ms
08-Jun-2025 14:29:03.580 INFO [main] org.apache.catalina.startup.HostConfig.deployDirectory Deploying web application directory [/home/parri/Documents/FIB/erasmus+/electric/bookstore/tomcat9/webapps/examples]
08-Jun-2025 14:29:03.714 INFO [main] org.apache.jasper.servlet.TldScanner.scanJars At least one JAR was scanned for TLDs yet contained no TLDs. Enable debug logging for this logger for a complete list of JARs that were scanned but no TLDs were found in them. Skipping unneeded JARs during scanning can improve startup time and JSP compilation time.
08-Jun-2025 14:29:03.740 INFO [main] org.apache.catalina.startup.HostConfig.deployDirectory Deployment of web application directory [/home/parri/Documents/FIB/erasmus+/electric/bookstore/tomcat9/webapps/examples] has finished in [160] ms
08-Jun-2025 14:29:03.740 INFO [main] org.apache.catalina.startup.HostConfig.deployDirectory Deploying web application directory [/home/parri/Documents/FIB/erasmus+/electric/bookstore/tomcat9/webapps/bookstore]
08-Jun-2025 14:29:03.795 INFO [main] org.apache.jasper.servlet.TldScanner.scanJars At least one JAR was scanned for TLDs yet contained no TLDs. Enable debug logging for this logger for a complete list of JARs that were scanned but no TLDs were found in them. Skipping unneeded JARs during scanning can improve startup time and JSP compilation time.
08-Jun-2025 14:29:03.799 INFO [main] org.apache.catalina.startup.HostConfig.deployDirectory Deployment of web application directory [/home/parri/Documents/FIB/erasmus+/electric/bookstore/tomcat9/webapps/bookstore] has finished in [59] ms
08-Jun-2025 14:29:03.800 INFO [main] org.apache.catalina.startup.HostConfig.deployDirectory Deploying web application directory [/home/parri/Documents/FIB/erasmus+/electric/bookstore/tomcat9/webapps/ROOT]
08-Jun-2025 14:29:03.840 INFO [main] org.apache.jasper.servlet.TldScanner.scanJars At least one JAR was scanned for TLDs yet contained no TLDs. Enable debug logging for this logger for a complete list of JARs that were scanned but no TLDs were found in them. Skipping unneeded JARs during scanning can improve startup time and JSP compilation time.
08-Jun-2025 14:29:03.842 INFO [main] org.apache.catalina.startup.HostConfig.deployDirectory Deployment of web application directory [/home/parri/Documents/FIB/erasmus+/electric/bookstore/tomcat9/webapps/ROOT] has finished in [42] ms
08-Jun-2025 14:29:03.844 INFO [main] org.apache.catalina.startup.Catalina.start Server startup in [669] milliseconds
08-Jun-2025 14:29:03.846 SEVERE [main] org.apache.catalina.core.StandardServer.await Failed to create server shutdown socket on address [localhost] and port [8005] (base port [8005] and offset [0])
	java.net.BindException: Address already in use
		at java.base/sun.nio.ch.Net.bind0(Native Method)
		at java.base/sun.nio.ch.Net.bind(Net.java:565)
		at java.base/sun.nio.ch.Net.bind(Net.java:554)
		at java.base/sun.nio.ch.NioSocketImpl.bind(NioSocketImpl.java:636)
		at java.base/java.net.ServerSocket.bind(ServerSocket.java:390)
		at java.base/java.net.ServerSocket.<init>(ServerSocket.java:277)
		at org.apache.catalina.core.StandardServer.await(StandardServer.java:537)
		at org.apache.catalina.startup.Catalina.await(Catalina.java:829)
		at org.apache.catalina.startup.Catalina.start(Catalina.java:777)
		at java.base/jdk.internal.reflect.DirectMethodHandleAccessor.invoke(DirectMethodHandleAccessor.java:103)
		at java.base/java.lang.reflect.Method.invoke(Method.java:580)
		at org.apache.catalina.startup.Bootstrap.start(Bootstrap.java:345)
		at org.apache.catalina.startup.Bootstrap.main(Bootstrap.java:476)
08-Jun-2025 14:29:03.847 INFO [main] org.apache.coyote.AbstractProtocol.pause Pausing ProtocolHandler ["http-nio-8080"]
08-Jun-2025 14:29:03.847 INFO [main] org.apache.catalina.core.StandardService.stopInternal Stopping service [Catalina]
08-Jun-2025 14:29:03.864 INFO [main] org.apache.coyote.AbstractProtocol.stop Stopping ProtocolHandler ["http-nio-8080"]
08-Jun-2025 14:29:03.865 INFO [main] org.apache.coyote.AbstractProtocol.destroy Destroying ProtocolHandler ["http-nio-8080"]
08-Jun-2025 14:29:10.061 INFO [Catalina-utility-1] org.apache.catalina.startup.HostConfig.reload Reloading context [/bookstore]
08-Jun-2025 14:29:10.062 INFO [Catalina-utility-1] org.apache.catalina.core.StandardContext.reload Reloading Context with name [/bookstore] has started
08-Jun-2025 14:29:10.116 INFO [Catalina-utility-1] org.apache.jasper.servlet.TldScanner.scanJars At least one JAR was scanned for TLDs yet contained no TLDs. Enable debug logging for this logger for a complete list of JARs that were scanned but no TLDs were found in them. Skipping unneeded JARs during scanning can improve startup time and JSP compilation time.
08-Jun-2025 14:29:10.120 INFO [Catalina-utility-1] org.apache.catalina.core.StandardContext.reload Reloading Context with name [/bookstore] is completed
08-Jun-2025 14:38:09.109 INFO [main] org.apache.catalina.startup.VersionLoggerListener.log Server version name:   Apache Tomcat/9.0.104
08-Jun-2025 14:38:09.112 INFO [main] org.apache.catalina.startup.VersionLoggerListener.log Server built:          Apr 4 2025 12:32:55 UTC
08-Jun-2025 14:38:09.112 INFO [main] org.apache.catalina.startup.VersionLoggerListener.log Server version number: 9.0.104.0
08-Jun-2025 14:38:09.112 INFO [main] org.apache.catalina.startup.VersionLoggerListener.log OS Name:               Linux
08-Jun-2025 14:38:09.112 INFO [main] org.apache.catalina.startup.VersionLoggerListener.log OS Version:            6.11.0-26-generic
08-Jun-2025 14:38:09.112 INFO [main] org.apache.catalina.startup.VersionLoggerListener.log Architecture:          amd64
08-Jun-2025 14:38:09.112 INFO [main] org.apache.catalina.startup.VersionLoggerListener.log Java Home:             /opt/jdk-22.0.2
08-Jun-2025 14:38:09.112 INFO [main] org.apache.catalina.startup.VersionLoggerListener.log JVM Version:           22.0.2+9-70
08-Jun-2025 14:38:09.112 INFO [main] org.apache.catalina.startup.VersionLoggerListener.log JVM Vendor:            Oracle Corporation
08-Jun-2025 14:38:09.112 INFO [main] org.apache.catalina.startup.VersionLoggerListener.log CATALINA_BASE:         /home/parri/Documents/FIB/erasmus+/electric/bookstore/tomcat9
08-Jun-2025 14:38:09.112 INFO [main] org.apache.catalina.startup.VersionLoggerListener.log CATALINA_HOME:         /home/parri/Documents/FIB/erasmus+/electric/bookstore/tomcat9
08-Jun-2025 14:38:09.116 INFO [main] org.apache.catalina.startup.VersionLoggerListener.log Command line argument: --add-opens=java.base/java.lang=ALL-UNNAMED
08-Jun-2025 14:38:09.117 INFO [main] org.apache.catalina.startup.VersionLoggerListener.log Command line argument: --add-opens=java.base/java.lang.invoke=ALL-UNNAMED
08-Jun-2025 14:38:09.117 INFO [main] org.apache.catalina.startup.VersionLoggerListener.log Command line argument: --add-opens=java.base/java.lang.reflect=ALL-UNNAMED
08-Jun-2025 14:38:09.117 INFO [main] org.apache.catalina.startup.VersionLoggerListener.log Command line argument: --add-opens=java.base/java.io=ALL-UNNAMED
08-Jun-2025 14:38:09.117 INFO [main] org.apache.catalina.startup.VersionLoggerListener.log Command line argument: --add-opens=java.base/java.util=ALL-UNNAMED
08-Jun-2025 14:38:09.117 INFO [main] org.apache.catalina.startup.VersionLoggerListener.log Command line argument: --add-opens=java.base/java.util.concurrent=ALL-UNNAMED
08-Jun-2025 14:38:09.117 INFO [main] org.apache.catalina.startup.VersionLoggerListener.log Command line argument: --add-opens=java.rmi/sun.rmi.transport=ALL-UNNAMED
08-Jun-2025 14:38:09.117 INFO [main] org.apache.catalina.startup.VersionLoggerListener.log Command line argument: -Djava.util.logging.config.file=/home/parri/Documents/FIB/erasmus+/electric/bookstore/tomcat9/conf/logging.properties
08-Jun-2025 14:38:09.117 INFO [main] org.apache.catalina.startup.VersionLoggerListener.log Command line argument: -Djava.util.logging.manager=org.apache.juli.ClassLoaderLogManager
08-Jun-2025 14:38:09.117 INFO [main] org.apache.catalina.startup.VersionLoggerListener.log Command line argument: -Djdk.tls.ephemeralDHKeySize=2048
08-Jun-2025 14:38:09.117 INFO [main] org.apache.catalina.startup.VersionLoggerListener.log Command line argument: -Djava.protocol.handler.pkgs=org.apache.catalina.webresources
08-Jun-2025 14:38:09.117 INFO [main] org.apache.catalina.startup.VersionLoggerListener.log Command line argument: -Dsun.io.useCanonCaches=false
08-Jun-2025 14:38:09.117 INFO [main] org.apache.catalina.startup.VersionLoggerListener.log Command line argument: -Dorg.apache.catalina.security.SecurityListener.UMASK=0027
08-Jun-2025 14:38:09.118 INFO [main] org.apache.catalina.startup.VersionLoggerListener.log Command line argument: -Dignore.endorsed.dirs=
08-Jun-2025 14:38:09.118 INFO [main] org.apache.catalina.startup.VersionLoggerListener.log Command line argument: -Dcatalina.base=/home/parri/Documents/FIB/erasmus+/electric/bookstore/tomcat9
08-Jun-2025 14:38:09.118 INFO [main] org.apache.catalina.startup.VersionLoggerListener.log Command line argument: -Dcatalina.home=/home/parri/Documents/FIB/erasmus+/electric/bookstore/tomcat9
08-Jun-2025 14:38:09.118 INFO [main] org.apache.catalina.startup.VersionLoggerListener.log Command line argument: -Djava.io.tmpdir=/home/parri/Documents/FIB/erasmus+/electric/bookstore/tomcat9/temp
08-Jun-2025 14:38:09.119 INFO [main] org.apache.catalina.core.AprLifecycleListener.lifecycleEvent The Apache Tomcat Native library which allows using OpenSSL was not found on the java.library.path: [/usr/java/packages/lib:/usr/lib64:/lib64:/lib:/usr/lib]
08-Jun-2025 14:38:09.325 INFO [main] org.apache.coyote.AbstractProtocol.init Initializing ProtocolHandler ["http-nio-8080"]
08-Jun-2025 14:38:09.333 SEVERE [main] org.apache.catalina.util.LifecycleBase.handleSubClassException Failed to initialize component [Connector["http-nio-8080"]]
	org.apache.catalina.LifecycleException: Protocol handler initialization failed
		at org.apache.catalina.connector.Connector.initInternal(Connector.java:1048)
		at org.apache.catalina.util.LifecycleBase.init(LifecycleBase.java:122)
		at org.apache.catalina.core.StandardService.initInternal(StandardService.java:522)
		at org.apache.catalina.util.LifecycleBase.init(LifecycleBase.java:122)
		at org.apache.catalina.core.StandardServer.initInternal(StandardServer.java:986)
		at org.apache.catalina.util.LifecycleBase.init(LifecycleBase.java:122)
		at org.apache.catalina.startup.Catalina.load(Catalina.java:690)
		at org.apache.catalina.startup.Catalina.load(Catalina.java:713)
		at java.base/jdk.internal.reflect.DirectMethodHandleAccessor.invoke(DirectMethodHandleAccessor.java:103)
		at java.base/java.lang.reflect.Method.invoke(Method.java:580)
		at org.apache.catalina.startup.Bootstrap.load(Bootstrap.java:302)
		at org.apache.catalina.startup.Bootstrap.main(Bootstrap.java:475)
	Caused by: java.net.BindException: Address already in use
		at java.base/sun.nio.ch.Net.bind0(Native Method)
		at java.base/sun.nio.ch.Net.bind(Net.java:565)
		at java.base/sun.nio.ch.ServerSocketChannelImpl.netBind(ServerSocketChannelImpl.java:344)
		at java.base/sun.nio.ch.ServerSocketChannelImpl.bind(ServerSocketChannelImpl.java:301)
		at org.apache.tomcat.util.net.NioEndpoint.initServerSocket(NioEndpoint.java:268)
		at org.apache.tomcat.util.net.NioEndpoint.bind(NioEndpoint.java:223)
		at org.apache.tomcat.util.net.AbstractEndpoint.bindWithCleanup(AbstractEndpoint.java:1373)
		at org.apache.tomcat.util.net.AbstractEndpoint.init(AbstractEndpoint.java:1386)
		at org.apache.coyote.AbstractProtocol.init(AbstractProtocol.java:663)
		at org.apache.coyote.http11.AbstractHttp11Protocol.init(AbstractHttp11Protocol.java:80)
		at org.apache.catalina.connector.Connector.initInternal(Connector.java:1046)
		... 11 more
08-Jun-2025 14:38:09.334 INFO [main] org.apache.catalina.startup.Catalina.load Server initialization in [332] milliseconds
08-Jun-2025 14:38:09.357 INFO [main] org.apache.catalina.core.StandardService.startInternal Starting service [Catalina]
08-Jun-2025 14:38:09.357 INFO [main] org.apache.catalina.core.StandardEngine.startInternal Starting Servlet engine: [Apache Tomcat/9.0.104]
08-Jun-2025 14:38:09.362 INFO [main] org.apache.catalina.startup.HostConfig.deployDirectory Deploying web application directory [/home/parri/Documents/FIB/erasmus+/electric/bookstore/tomcat9/webapps/manager]
08-Jun-2025 14:38:09.602 INFO [main] org.apache.jasper.servlet.TldScanner.scanJars At least one JAR was scanned for TLDs yet contained no TLDs. Enable debug logging for this logger for a complete list of JARs that were scanned but no TLDs were found in them. Skipping unneeded JARs during scanning can improve startup time and JSP compilation time.
08-Jun-2025 14:38:09.632 INFO [main] org.apache.catalina.startup.HostConfig.deployDirectory Deployment of web application directory [/home/parri/Documents/FIB/erasmus+/electric/bookstore/tomcat9/webapps/manager] has finished in [269] ms
08-Jun-2025 14:38:09.632 INFO [main] org.apache.catalina.startup.HostConfig.deployDirectory Deploying web application directory [/home/parri/Documents/FIB/erasmus+/electric/bookstore/tomcat9/webapps/host-manager]
08-Jun-2025 14:38:09.688 INFO [main] org.apache.jasper.servlet.TldScanner.scanJars At least one JAR was scanned for TLDs yet contained no TLDs. Enable debug logging for this logger for a complete list of JARs that were scanned but no TLDs were found in them. Skipping unneeded JARs during scanning can improve startup time and JSP compilation time.
08-Jun-2025 14:38:09.690 INFO [main] org.apache.catalina.startup.HostConfig.deployDirectory Deployment of web application directory [/home/parri/Documents/FIB/erasmus+/electric/bookstore/tomcat9/webapps/host-manager] has finished in [58] ms
08-Jun-2025 14:38:09.690 INFO [main] org.apache.catalina.startup.HostConfig.deployDirectory Deploying web application directory [/home/parri/Documents/FIB/erasmus+/electric/bookstore/tomcat9/webapps/docs]
08-Jun-2025 14:38:09.731 INFO [main] org.apache.jasper.servlet.TldScanner.scanJars At least one JAR was scanned for TLDs yet contained no TLDs. Enable debug logging for this logger for a complete list of JARs that were scanned but no TLDs were found in them. Skipping unneeded JARs during scanning can improve startup time and JSP compilation time.
08-Jun-2025 14:38:09.732 INFO [main] org.apache.catalina.startup.HostConfig.deployDirectory Deployment of web application directory [/home/parri/Documents/FIB/erasmus+/electric/bookstore/tomcat9/webapps/docs] has finished in [42] ms
08-Jun-2025 14:38:09.732 INFO [main] org.apache.catalina.startup.HostConfig.deployDirectory Deploying web application directory [/home/parri/Documents/FIB/erasmus+/electric/bookstore/tomcat9/webapps/examples]
08-Jun-2025 14:38:09.853 INFO [main] org.apache.jasper.servlet.TldScanner.scanJars At least one JAR was scanned for TLDs yet contained no TLDs. Enable debug logging for this logger for a complete list of JARs that were scanned but no TLDs were found in them. Skipping unneeded JARs during scanning can improve startup time and JSP compilation time.
08-Jun-2025 14:38:09.879 INFO [main] org.apache.catalina.startup.HostConfig.deployDirectory Deployment of web application directory [/home/parri/Documents/FIB/erasmus+/electric/bookstore/tomcat9/webapps/examples] has finished in [147] ms
08-Jun-2025 14:38:09.879 INFO [main] org.apache.catalina.startup.HostConfig.deployDirectory Deploying web application directory [/home/parri/Documents/FIB/erasmus+/electric/bookstore/tomcat9/webapps/bookstore]
08-Jun-2025 14:38:09.933 INFO [main] org.apache.jasper.servlet.TldScanner.scanJars At least one JAR was scanned for TLDs yet contained no TLDs. Enable debug logging for this logger for a complete list of JARs that were scanned but no TLDs were found in them. Skipping unneeded JARs during scanning can improve startup time and JSP compilation time.
08-Jun-2025 14:38:09.937 INFO [main] org.apache.catalina.startup.HostConfig.deployDirectory Deployment of web application directory [/home/parri/Documents/FIB/erasmus+/electric/bookstore/tomcat9/webapps/bookstore] has finished in [58] ms
08-Jun-2025 14:38:09.937 INFO [main] org.apache.catalina.startup.HostConfig.deployDirectory Deploying web application directory [/home/parri/Documents/FIB/erasmus+/electric/bookstore/tomcat9/webapps/ROOT]
08-Jun-2025 14:38:09.976 INFO [main] org.apache.jasper.servlet.TldScanner.scanJars At least one JAR was scanned for TLDs yet contained no TLDs. Enable debug logging for this logger for a complete list of JARs that were scanned but no TLDs were found in them. Skipping unneeded JARs during scanning can improve startup time and JSP compilation time.
08-Jun-2025 14:38:09.977 INFO [main] org.apache.catalina.startup.HostConfig.deployDirectory Deployment of web application directory [/home/parri/Documents/FIB/erasmus+/electric/bookstore/tomcat9/webapps/ROOT] has finished in [40] ms
08-Jun-2025 14:38:09.980 INFO [main] org.apache.catalina.startup.Catalina.start Server startup in [645] milliseconds
08-Jun-2025 14:38:09.982 SEVERE [main] org.apache.catalina.core.StandardServer.await Failed to create server shutdown socket on address [localhost] and port [8005] (base port [8005] and offset [0])
	java.net.BindException: Address already in use
		at java.base/sun.nio.ch.Net.bind0(Native Method)
		at java.base/sun.nio.ch.Net.bind(Net.java:565)
		at java.base/sun.nio.ch.Net.bind(Net.java:554)
		at java.base/sun.nio.ch.NioSocketImpl.bind(NioSocketImpl.java:636)
		at java.base/java.net.ServerSocket.bind(ServerSocket.java:390)
		at java.base/java.net.ServerSocket.<init>(ServerSocket.java:277)
		at org.apache.catalina.core.StandardServer.await(StandardServer.java:537)
		at org.apache.catalina.startup.Catalina.await(Catalina.java:829)
		at org.apache.catalina.startup.Catalina.start(Catalina.java:777)
		at java.base/jdk.internal.reflect.DirectMethodHandleAccessor.invoke(DirectMethodHandleAccessor.java:103)
		at java.base/java.lang.reflect.Method.invoke(Method.java:580)
		at org.apache.catalina.startup.Bootstrap.start(Bootstrap.java:345)
		at org.apache.catalina.startup.Bootstrap.main(Bootstrap.java:476)
08-Jun-2025 14:38:09.982 INFO [main] org.apache.coyote.AbstractProtocol.pause Pausing ProtocolHandler ["http-nio-8080"]
08-Jun-2025 14:38:09.983 INFO [main] org.apache.catalina.core.StandardService.stopInternal Stopping service [Catalina]
08-Jun-2025 14:38:09.999 INFO [main] org.apache.coyote.AbstractProtocol.stop Stopping ProtocolHandler ["http-nio-8080"]
08-Jun-2025 14:38:10.000 INFO [main] org.apache.coyote.AbstractProtocol.destroy Destroying ProtocolHandler ["http-nio-8080"]
08-Jun-2025 14:38:10.189 INFO [Catalina-utility-2] org.apache.catalina.startup.HostConfig.reload Reloading context [/bookstore]
08-Jun-2025 14:38:10.189 INFO [Catalina-utility-2] org.apache.catalina.core.StandardContext.reload Reloading Context with name [/bookstore] has started
08-Jun-2025 14:38:10.240 INFO [Catalina-utility-2] org.apache.jasper.servlet.TldScanner.scanJars At least one JAR was scanned for TLDs yet contained no TLDs. Enable debug logging for this logger for a complete list of JARs that were scanned but no TLDs were found in them. Skipping unneeded JARs during scanning can improve startup time and JSP compilation time.
08-Jun-2025 14:38:10.241 INFO [Catalina-utility-2] org.apache.catalina.core.StandardContext.reload Reloading Context with name [/bookstore] is completed
08-Jun-2025 15:11:49.831 INFO [main] org.apache.catalina.startup.VersionLoggerListener.log Server version name:   Apache Tomcat/9.0.104
08-Jun-2025 15:11:49.833 INFO [main] org.apache.catalina.startup.VersionLoggerListener.log Server built:          Apr 4 2025 12:32:55 UTC
08-Jun-2025 15:11:49.833 INFO [main] org.apache.catalina.startup.VersionLoggerListener.log Server version number: 9.0.104.0
08-Jun-2025 15:11:49.833 INFO [main] org.apache.catalina.startup.VersionLoggerListener.log OS Name:               Linux
08-Jun-2025 15:11:49.833 INFO [main] org.apache.catalina.startup.VersionLoggerListener.log OS Version:            6.11.0-26-generic
08-Jun-2025 15:11:49.833 INFO [main] org.apache.catalina.startup.VersionLoggerListener.log Architecture:          amd64
08-Jun-2025 15:11:49.834 INFO [main] org.apache.catalina.startup.VersionLoggerListener.log Java Home:             /opt/jdk-22.0.2
08-Jun-2025 15:11:49.834 INFO [main] org.apache.catalina.startup.VersionLoggerListener.log JVM Version:           22.0.2+9-70
08-Jun-2025 15:11:49.834 INFO [main] org.apache.catalina.startup.VersionLoggerListener.log JVM Vendor:            Oracle Corporation
08-Jun-2025 15:11:49.834 INFO [main] org.apache.catalina.startup.VersionLoggerListener.log CATALINA_BASE:         /home/parri/Documents/FIB/erasmus+/electric/bookstore/tomcat9
08-Jun-2025 15:11:49.834 INFO [main] org.apache.catalina.startup.VersionLoggerListener.log CATALINA_HOME:         /home/parri/Documents/FIB/erasmus+/electric/bookstore/tomcat9
08-Jun-2025 15:11:49.838 INFO [main] org.apache.catalina.startup.VersionLoggerListener.log Command line argument: --add-opens=java.base/java.lang=ALL-UNNAMED
08-Jun-2025 15:11:49.838 INFO [main] org.apache.catalina.startup.VersionLoggerListener.log Command line argument: --add-opens=java.base/java.lang.invoke=ALL-UNNAMED
08-Jun-2025 15:11:49.838 INFO [main] org.apache.catalina.startup.VersionLoggerListener.log Command line argument: --add-opens=java.base/java.lang.reflect=ALL-UNNAMED
08-Jun-2025 15:11:49.838 INFO [main] org.apache.catalina.startup.VersionLoggerListener.log Command line argument: --add-opens=java.base/java.io=ALL-UNNAMED
08-Jun-2025 15:11:49.838 INFO [main] org.apache.catalina.startup.VersionLoggerListener.log Command line argument: --add-opens=java.base/java.util=ALL-UNNAMED
08-Jun-2025 15:11:49.839 INFO [main] org.apache.catalina.startup.VersionLoggerListener.log Command line argument: --add-opens=java.base/java.util.concurrent=ALL-UNNAMED
08-Jun-2025 15:11:49.839 INFO [main] org.apache.catalina.startup.VersionLoggerListener.log Command line argument: --add-opens=java.rmi/sun.rmi.transport=ALL-UNNAMED
08-Jun-2025 15:11:49.839 INFO [main] org.apache.catalina.startup.VersionLoggerListener.log Command line argument: -Djava.util.logging.config.file=/home/parri/Documents/FIB/erasmus+/electric/bookstore/tomcat9/conf/logging.properties
08-Jun-2025 15:11:49.839 INFO [main] org.apache.catalina.startup.VersionLoggerListener.log Command line argument: -Djava.util.logging.manager=org.apache.juli.ClassLoaderLogManager
08-Jun-2025 15:11:49.839 INFO [main] org.apache.catalina.startup.VersionLoggerListener.log Command line argument: -Djdk.tls.ephemeralDHKeySize=2048
08-Jun-2025 15:11:49.839 INFO [main] org.apache.catalina.startup.VersionLoggerListener.log Command line argument: -Djava.protocol.handler.pkgs=org.apache.catalina.webresources
08-Jun-2025 15:11:49.839 INFO [main] org.apache.catalina.startup.VersionLoggerListener.log Command line argument: -Dsun.io.useCanonCaches=false
08-Jun-2025 15:11:49.839 INFO [main] org.apache.catalina.startup.VersionLoggerListener.log Command line argument: -Dorg.apache.catalina.security.SecurityListener.UMASK=0027
08-Jun-2025 15:11:49.839 INFO [main] org.apache.catalina.startup.VersionLoggerListener.log Command line argument: -Dignore.endorsed.dirs=
08-Jun-2025 15:11:49.839 INFO [main] org.apache.catalina.startup.VersionLoggerListener.log Command line argument: -Dcatalina.base=/home/parri/Documents/FIB/erasmus+/electric/bookstore/tomcat9
08-Jun-2025 15:11:49.839 INFO [main] org.apache.catalina.startup.VersionLoggerListener.log Command line argument: -Dcatalina.home=/home/parri/Documents/FIB/erasmus+/electric/bookstore/tomcat9
08-Jun-2025 15:11:49.839 INFO [main] org.apache.catalina.startup.VersionLoggerListener.log Command line argument: -Djava.io.tmpdir=/home/parri/Documents/FIB/erasmus+/electric/bookstore/tomcat9/temp
08-Jun-2025 15:11:49.840 INFO [main] org.apache.catalina.core.AprLifecycleListener.lifecycleEvent The Apache Tomcat Native library which allows using OpenSSL was not found on the java.library.path: [/usr/java/packages/lib:/usr/lib64:/lib64:/lib:/usr/lib]
08-Jun-2025 15:11:50.043 INFO [main] org.apache.coyote.AbstractProtocol.init Initializing ProtocolHandler ["http-nio-8080"]
08-Jun-2025 15:11:50.051 SEVERE [main] org.apache.catalina.util.LifecycleBase.handleSubClassException Failed to initialize component [Connector["http-nio-8080"]]
	org.apache.catalina.LifecycleException: Protocol handler initialization failed
		at org.apache.catalina.connector.Connector.initInternal(Connector.java:1048)
		at org.apache.catalina.util.LifecycleBase.init(LifecycleBase.java:122)
		at org.apache.catalina.core.StandardService.initInternal(StandardService.java:522)
		at org.apache.catalina.util.LifecycleBase.init(LifecycleBase.java:122)
		at org.apache.catalina.core.StandardServer.initInternal(StandardServer.java:986)
		at org.apache.catalina.util.LifecycleBase.init(LifecycleBase.java:122)
		at org.apache.catalina.startup.Catalina.load(Catalina.java:690)
		at org.apache.catalina.startup.Catalina.load(Catalina.java:713)
		at java.base/jdk.internal.reflect.DirectMethodHandleAccessor.invoke(DirectMethodHandleAccessor.java:103)
		at java.base/java.lang.reflect.Method.invoke(Method.java:580)
		at org.apache.catalina.startup.Bootstrap.load(Bootstrap.java:302)
		at org.apache.catalina.startup.Bootstrap.main(Bootstrap.java:475)
	Caused by: java.net.BindException: Address already in use
		at java.base/sun.nio.ch.Net.bind0(Native Method)
		at java.base/sun.nio.ch.Net.bind(Net.java:565)
		at java.base/sun.nio.ch.ServerSocketChannelImpl.netBind(ServerSocketChannelImpl.java:344)
		at java.base/sun.nio.ch.ServerSocketChannelImpl.bind(ServerSocketChannelImpl.java:301)
		at org.apache.tomcat.util.net.NioEndpoint.initServerSocket(NioEndpoint.java:268)
		at org.apache.tomcat.util.net.NioEndpoint.bind(NioEndpoint.java:223)
		at org.apache.tomcat.util.net.AbstractEndpoint.bindWithCleanup(AbstractEndpoint.java:1373)
		at org.apache.tomcat.util.net.AbstractEndpoint.init(AbstractEndpoint.java:1386)
		at org.apache.coyote.AbstractProtocol.init(AbstractProtocol.java:663)
		at org.apache.coyote.http11.AbstractHttp11Protocol.init(AbstractHttp11Protocol.java:80)
		at org.apache.catalina.connector.Connector.initInternal(Connector.java:1046)
		... 11 more
08-Jun-2025 15:11:50.051 INFO [main] org.apache.catalina.startup.Catalina.load Server initialization in [325] milliseconds
08-Jun-2025 15:11:50.074 INFO [main] org.apache.catalina.core.StandardService.startInternal Starting service [Catalina]
08-Jun-2025 15:11:50.074 INFO [main] org.apache.catalina.core.StandardEngine.startInternal Starting Servlet engine: [Apache Tomcat/9.0.104]
08-Jun-2025 15:11:50.079 INFO [main] org.apache.catalina.startup.HostConfig.deployDirectory Deploying web application directory [/home/parri/Documents/FIB/erasmus+/electric/bookstore/tomcat9/webapps/manager]
08-Jun-2025 15:11:50.329 INFO [main] org.apache.jasper.servlet.TldScanner.scanJars At least one JAR was scanned for TLDs yet contained no TLDs. Enable debug logging for this logger for a complete list of JARs that were scanned but no TLDs were found in them. Skipping unneeded JARs during scanning can improve startup time and JSP compilation time.
08-Jun-2025 15:11:50.359 INFO [main] org.apache.catalina.startup.HostConfig.deployDirectory Deployment of web application directory [/home/parri/Documents/FIB/erasmus+/electric/bookstore/tomcat9/webapps/manager] has finished in [280] ms
08-Jun-2025 15:11:50.359 INFO [main] org.apache.catalina.startup.HostConfig.deployDirectory Deploying web application directory [/home/parri/Documents/FIB/erasmus+/electric/bookstore/tomcat9/webapps/host-manager]
08-Jun-2025 15:11:50.418 INFO [main] org.apache.jasper.servlet.TldScanner.scanJars At least one JAR was scanned for TLDs yet contained no TLDs. Enable debug logging for this logger for a complete list of JARs that were scanned but no TLDs were found in them. Skipping unneeded JARs during scanning can improve startup time and JSP compilation time.
08-Jun-2025 15:11:50.420 INFO [main] org.apache.catalina.startup.HostConfig.deployDirectory Deployment of web application directory [/home/parri/Documents/FIB/erasmus+/electric/bookstore/tomcat9/webapps/host-manager] has finished in [61] ms
08-Jun-2025 15:11:50.420 INFO [main] org.apache.catalina.startup.HostConfig.deployDirectory Deploying web application directory [/home/parri/Documents/FIB/erasmus+/electric/bookstore/tomcat9/webapps/docs]
08-Jun-2025 15:11:50.458 INFO [main] org.apache.jasper.servlet.TldScanner.scanJars At least one JAR was scanned for TLDs yet contained no TLDs. Enable debug logging for this logger for a complete list of JARs that were scanned but no TLDs were found in them. Skipping unneeded JARs during scanning can improve startup time and JSP compilation time.
08-Jun-2025 15:11:50.459 INFO [main] org.apache.catalina.startup.HostConfig.deployDirectory Deployment of web application directory [/home/parri/Documents/FIB/erasmus+/electric/bookstore/tomcat9/webapps/docs] has finished in [39] ms
08-Jun-2025 15:11:50.459 INFO [main] org.apache.catalina.startup.HostConfig.deployDirectory Deploying web application directory [/home/parri/Documents/FIB/erasmus+/electric/bookstore/tomcat9/webapps/examples]
08-Jun-2025 15:11:50.584 INFO [main] org.apache.jasper.servlet.TldScanner.scanJars At least one JAR was scanned for TLDs yet contained no TLDs. Enable debug logging for this logger for a complete list of JARs that were scanned but no TLDs were found in them. Skipping unneeded JARs during scanning can improve startup time and JSP compilation time.
08-Jun-2025 15:11:50.611 INFO [main] org.apache.catalina.startup.HostConfig.deployDirectory Deployment of web application directory [/home/parri/Documents/FIB/erasmus+/electric/bookstore/tomcat9/webapps/examples] has finished in [152] ms
08-Jun-2025 15:11:50.611 INFO [main] org.apache.catalina.startup.HostConfig.deployDirectory Deploying web application directory [/home/parri/Documents/FIB/erasmus+/electric/bookstore/tomcat9/webapps/bookstore]
08-Jun-2025 15:11:50.672 INFO [main] org.apache.jasper.servlet.TldScanner.scanJars At least one JAR was scanned for TLDs yet contained no TLDs. Enable debug logging for this logger for a complete list of JARs that were scanned but no TLDs were found in them. Skipping unneeded JARs during scanning can improve startup time and JSP compilation time.
08-Jun-2025 15:11:50.678 INFO [main] org.apache.catalina.startup.HostConfig.deployDirectory Deployment of web application directory [/home/parri/Documents/FIB/erasmus+/electric/bookstore/tomcat9/webapps/bookstore] has finished in [67] ms
08-Jun-2025 15:11:50.678 INFO [main] org.apache.catalina.startup.HostConfig.deployDirectory Deploying web application directory [/home/parri/Documents/FIB/erasmus+/electric/bookstore/tomcat9/webapps/ROOT]
08-Jun-2025 15:11:50.722 INFO [main] org.apache.jasper.servlet.TldScanner.scanJars At least one JAR was scanned for TLDs yet contained no TLDs. Enable debug logging for this logger for a complete list of JARs that were scanned but no TLDs were found in them. Skipping unneeded JARs during scanning can improve startup time and JSP compilation time.
08-Jun-2025 15:11:50.723 INFO [main] org.apache.catalina.startup.HostConfig.deployDirectory Deployment of web application directory [/home/parri/Documents/FIB/erasmus+/electric/bookstore/tomcat9/webapps/ROOT] has finished in [45] ms
08-Jun-2025 15:11:50.726 INFO [main] org.apache.catalina.startup.Catalina.start Server startup in [673] milliseconds
08-Jun-2025 15:11:50.728 SEVERE [main] org.apache.catalina.core.StandardServer.await Failed to create server shutdown socket on address [localhost] and port [8005] (base port [8005] and offset [0])
	java.net.BindException: Address already in use
		at java.base/sun.nio.ch.Net.bind0(Native Method)
		at java.base/sun.nio.ch.Net.bind(Net.java:565)
		at java.base/sun.nio.ch.Net.bind(Net.java:554)
		at java.base/sun.nio.ch.NioSocketImpl.bind(NioSocketImpl.java:636)
		at java.base/java.net.ServerSocket.bind(ServerSocket.java:390)
		at java.base/java.net.ServerSocket.<init>(ServerSocket.java:277)
		at org.apache.catalina.core.StandardServer.await(StandardServer.java:537)
		at org.apache.catalina.startup.Catalina.await(Catalina.java:829)
		at org.apache.catalina.startup.Catalina.start(Catalina.java:777)
		at java.base/jdk.internal.reflect.DirectMethodHandleAccessor.invoke(DirectMethodHandleAccessor.java:103)
		at java.base/java.lang.reflect.Method.invoke(Method.java:580)
		at org.apache.catalina.startup.Bootstrap.start(Bootstrap.java:345)
		at org.apache.catalina.startup.Bootstrap.main(Bootstrap.java:476)
08-Jun-2025 15:11:50.728 INFO [main] org.apache.coyote.AbstractProtocol.pause Pausing ProtocolHandler ["http-nio-8080"]
08-Jun-2025 15:11:50.729 INFO [main] org.apache.catalina.core.StandardService.stopInternal Stopping service [Catalina]
08-Jun-2025 15:11:50.749 INFO [main] org.apache.coyote.AbstractProtocol.stop Stopping ProtocolHandler ["http-nio-8080"]
08-Jun-2025 15:11:50.750 INFO [main] org.apache.coyote.AbstractProtocol.destroy Destroying ProtocolHandler ["http-nio-8080"]
08-Jun-2025 15:12:00.509 INFO [Catalina-utility-1] org.apache.catalina.startup.HostConfig.reload Reloading context [/bookstore]
08-Jun-2025 15:12:00.509 INFO [Catalina-utility-1] org.apache.catalina.core.StandardContext.reload Reloading Context with name [/bookstore] has started
08-Jun-2025 15:12:00.561 INFO [Catalina-utility-1] org.apache.jasper.servlet.TldScanner.scanJars At least one JAR was scanned for TLDs yet contained no TLDs. Enable debug logging for this logger for a complete list of JARs that were scanned but no TLDs were found in them. Skipping unneeded JARs during scanning can improve startup time and JSP compilation time.
08-Jun-2025 15:12:00.563 INFO [Catalina-utility-1] org.apache.catalina.core.StandardContext.reload Reloading Context with name [/bookstore] is completed
08-Jun-2025 15:16:22.746 INFO [main] org.apache.catalina.core.StandardServer.await A valid shutdown command was received via the shutdown port. Stopping the Server instance.
08-Jun-2025 15:16:22.746 INFO [main] org.apache.coyote.AbstractProtocol.pause Pausing ProtocolHandler ["http-nio-8080"]
08-Jun-2025 15:16:22.747 INFO [main] org.apache.catalina.core.StandardService.stopInternal Stopping service [Catalina]
08-Jun-2025 15:16:22.755 INFO [main] org.apache.coyote.AbstractProtocol.stop Stopping ProtocolHandler ["http-nio-8080"]
08-Jun-2025 15:16:22.757 INFO [main] org.apache.coyote.AbstractProtocol.destroy Destroying ProtocolHandler ["http-nio-8080"]
08-Jun-2025 15:19:29.313 INFO [main] org.apache.catalina.startup.VersionLoggerListener.log Server version name:   Apache Tomcat/9.0.104
08-Jun-2025 15:19:29.315 INFO [main] org.apache.catalina.startup.VersionLoggerListener.log Server built:          Apr 4 2025 12:32:55 UTC
08-Jun-2025 15:19:29.315 INFO [main] org.apache.catalina.startup.VersionLoggerListener.log Server version number: 9.0.104.0
08-Jun-2025 15:19:29.315 INFO [main] org.apache.catalina.startup.VersionLoggerListener.log OS Name:               Linux
08-Jun-2025 15:19:29.315 INFO [main] org.apache.catalina.startup.VersionLoggerListener.log OS Version:            6.11.0-26-generic
08-Jun-2025 15:19:29.315 INFO [main] org.apache.catalina.startup.VersionLoggerListener.log Architecture:          amd64
08-Jun-2025 15:19:29.315 INFO [main] org.apache.catalina.startup.VersionLoggerListener.log Java Home:             /opt/jdk-22.0.2
08-Jun-2025 15:19:29.315 INFO [main] org.apache.catalina.startup.VersionLoggerListener.log JVM Version:           22.0.2+9-70
08-Jun-2025 15:19:29.315 INFO [main] org.apache.catalina.startup.VersionLoggerListener.log JVM Vendor:            Oracle Corporation
08-Jun-2025 15:19:29.316 INFO [main] org.apache.catalina.startup.VersionLoggerListener.log CATALINA_BASE:         /home/parri/Documents/FIB/erasmus+/electric/bookstore/tomcat9
08-Jun-2025 15:19:29.316 INFO [main] org.apache.catalina.startup.VersionLoggerListener.log CATALINA_HOME:         /home/parri/Documents/FIB/erasmus+/electric/bookstore/tomcat9
08-Jun-2025 15:19:29.320 INFO [main] org.apache.catalina.startup.VersionLoggerListener.log Command line argument: --add-opens=java.base/java.lang=ALL-UNNAMED
08-Jun-2025 15:19:29.320 INFO [main] org.apache.catalina.startup.VersionLoggerListener.log Command line argument: --add-opens=java.base/java.lang.invoke=ALL-UNNAMED
08-Jun-2025 15:19:29.320 INFO [main] org.apache.catalina.startup.VersionLoggerListener.log Command line argument: --add-opens=java.base/java.lang.reflect=ALL-UNNAMED
08-Jun-2025 15:19:29.320 INFO [main] org.apache.catalina.startup.VersionLoggerListener.log Command line argument: --add-opens=java.base/java.io=ALL-UNNAMED
08-Jun-2025 15:19:29.320 INFO [main] org.apache.catalina.startup.VersionLoggerListener.log Command line argument: --add-opens=java.base/java.util=ALL-UNNAMED
08-Jun-2025 15:19:29.320 INFO [main] org.apache.catalina.startup.VersionLoggerListener.log Command line argument: --add-opens=java.base/java.util.concurrent=ALL-UNNAMED
08-Jun-2025 15:19:29.320 INFO [main] org.apache.catalina.startup.VersionLoggerListener.log Command line argument: --add-opens=java.rmi/sun.rmi.transport=ALL-UNNAMED
08-Jun-2025 15:19:29.320 INFO [main] org.apache.catalina.startup.VersionLoggerListener.log Command line argument: -Djava.util.logging.config.file=/home/parri/Documents/FIB/erasmus+/electric/bookstore/tomcat9/conf/logging.properties
08-Jun-2025 15:19:29.320 INFO [main] org.apache.catalina.startup.VersionLoggerListener.log Command line argument: -Djava.util.logging.manager=org.apache.juli.ClassLoaderLogManager
08-Jun-2025 15:19:29.320 INFO [main] org.apache.catalina.startup.VersionLoggerListener.log Command line argument: -Djdk.tls.ephemeralDHKeySize=2048
08-Jun-2025 15:19:29.321 INFO [main] org.apache.catalina.startup.VersionLoggerListener.log Command line argument: -Djava.protocol.handler.pkgs=org.apache.catalina.webresources
08-Jun-2025 15:19:29.321 INFO [main] org.apache.catalina.startup.VersionLoggerListener.log Command line argument: -Dsun.io.useCanonCaches=false
08-Jun-2025 15:19:29.321 INFO [main] org.apache.catalina.startup.VersionLoggerListener.log Command line argument: -Dorg.apache.catalina.security.SecurityListener.UMASK=0027
08-Jun-2025 15:19:29.321 INFO [main] org.apache.catalina.startup.VersionLoggerListener.log Command line argument: -Dignore.endorsed.dirs=
08-Jun-2025 15:19:29.321 INFO [main] org.apache.catalina.startup.VersionLoggerListener.log Command line argument: -Dcatalina.base=/home/parri/Documents/FIB/erasmus+/electric/bookstore/tomcat9
08-Jun-2025 15:19:29.321 INFO [main] org.apache.catalina.startup.VersionLoggerListener.log Command line argument: -Dcatalina.home=/home/parri/Documents/FIB/erasmus+/electric/bookstore/tomcat9
08-Jun-2025 15:19:29.321 INFO [main] org.apache.catalina.startup.VersionLoggerListener.log Command line argument: -Djava.io.tmpdir=/home/parri/Documents/FIB/erasmus+/electric/bookstore/tomcat9/temp
08-Jun-2025 15:19:29.322 INFO [main] org.apache.catalina.core.AprLifecycleListener.lifecycleEvent The Apache Tomcat Native library which allows using OpenSSL was not found on the java.library.path: [/usr/java/packages/lib:/usr/lib64:/lib64:/lib:/usr/lib]
08-Jun-2025 15:19:29.517 INFO [main] org.apache.coyote.AbstractProtocol.init Initializing ProtocolHandler ["http-nio-8080"]
08-Jun-2025 15:19:29.531 INFO [main] org.apache.catalina.startup.Catalina.load Server initialization in [324] milliseconds
08-Jun-2025 15:19:29.555 INFO [main] org.apache.catalina.core.StandardService.startInternal Starting service [Catalina]
08-Jun-2025 15:19:29.555 INFO [main] org.apache.catalina.core.StandardEngine.startInternal Starting Servlet engine: [Apache Tomcat/9.0.104]
08-Jun-2025 15:19:29.560 INFO [main] org.apache.catalina.startup.HostConfig.deployDirectory Deploying web application directory [/home/parri/Documents/FIB/erasmus+/electric/bookstore/tomcat9/webapps/manager]
08-Jun-2025 15:19:29.786 INFO [main] org.apache.jasper.servlet.TldScanner.scanJars At least one JAR was scanned for TLDs yet contained no TLDs. Enable debug logging for this logger for a complete list of JARs that were scanned but no TLDs were found in them. Skipping unneeded JARs during scanning can improve startup time and JSP compilation time.
08-Jun-2025 15:19:29.814 INFO [main] org.apache.catalina.startup.HostConfig.deployDirectory Deployment of web application directory [/home/parri/Documents/FIB/erasmus+/electric/bookstore/tomcat9/webapps/manager] has finished in [254] ms
08-Jun-2025 15:19:29.814 INFO [main] org.apache.catalina.startup.HostConfig.deployDirectory Deploying web application directory [/home/parri/Documents/FIB/erasmus+/electric/bookstore/tomcat9/webapps/host-manager]
08-Jun-2025 15:19:29.863 INFO [main] org.apache.jasper.servlet.TldScanner.scanJars At least one JAR was scanned for TLDs yet contained no TLDs. Enable debug logging for this logger for a complete list of JARs that were scanned but no TLDs were found in them. Skipping unneeded JARs during scanning can improve startup time and JSP compilation time.
08-Jun-2025 15:19:29.864 INFO [main] org.apache.catalina.startup.HostConfig.deployDirectory Deployment of web application directory [/home/parri/Documents/FIB/erasmus+/electric/bookstore/tomcat9/webapps/host-manager] has finished in [50] ms
08-Jun-2025 15:19:29.864 INFO [main] org.apache.catalina.startup.HostConfig.deployDirectory Deploying web application directory [/home/parri/Documents/FIB/erasmus+/electric/bookstore/tomcat9/webapps/docs]
08-Jun-2025 15:19:29.902 INFO [main] org.apache.jasper.servlet.TldScanner.scanJars At least one JAR was scanned for TLDs yet contained no TLDs. Enable debug logging for this logger for a complete list of JARs that were scanned but no TLDs were found in them. Skipping unneeded JARs during scanning can improve startup time and JSP compilation time.
08-Jun-2025 15:19:29.903 INFO [main] org.apache.catalina.startup.HostConfig.deployDirectory Deployment of web application directory [/home/parri/Documents/FIB/erasmus+/electric/bookstore/tomcat9/webapps/docs] has finished in [39] ms
08-Jun-2025 15:19:29.903 INFO [main] org.apache.catalina.startup.HostConfig.deployDirectory Deploying web application directory [/home/parri/Documents/FIB/erasmus+/electric/bookstore/tomcat9/webapps/examples]
08-Jun-2025 15:19:30.018 INFO [main] org.apache.jasper.servlet.TldScanner.scanJars At least one JAR was scanned for TLDs yet contained no TLDs. Enable debug logging for this logger for a complete list of JARs that were scanned but no TLDs were found in them. Skipping unneeded JARs during scanning can improve startup time and JSP compilation time.
08-Jun-2025 15:19:30.052 INFO [main] org.apache.catalina.startup.HostConfig.deployDirectory Deployment of web application directory [/home/parri/Documents/FIB/erasmus+/electric/bookstore/tomcat9/webapps/examples] has finished in [149] ms
08-Jun-2025 15:19:30.052 INFO [main] org.apache.catalina.startup.HostConfig.deployDirectory Deploying web application directory [/home/parri/Documents/FIB/erasmus+/electric/bookstore/tomcat9/webapps/bookstore]
08-Jun-2025 15:19:30.109 INFO [main] org.apache.jasper.servlet.TldScanner.scanJars At least one JAR was scanned for TLDs yet contained no TLDs. Enable debug logging for this logger for a complete list of JARs that were scanned but no TLDs were found in them. Skipping unneeded JARs during scanning can improve startup time and JSP compilation time.
08-Jun-2025 15:19:30.113 INFO [main] org.apache.catalina.startup.HostConfig.deployDirectory Deployment of web application directory [/home/parri/Documents/FIB/erasmus+/electric/bookstore/tomcat9/webapps/bookstore] has finished in [61] ms
08-Jun-2025 15:19:30.113 INFO [main] org.apache.catalina.startup.HostConfig.deployDirectory Deploying web application directory [/home/parri/Documents/FIB/erasmus+/electric/bookstore/tomcat9/webapps/ROOT]
08-Jun-2025 15:19:30.153 INFO [main] org.apache.jasper.servlet.TldScanner.scanJars At least one JAR was scanned for TLDs yet contained no TLDs. Enable debug logging for this logger for a complete list of JARs that were scanned but no TLDs were found in them. Skipping unneeded JARs during scanning can improve startup time and JSP compilation time.
08-Jun-2025 15:19:30.154 INFO [main] org.apache.catalina.startup.HostConfig.deployDirectory Deployment of web application directory [/home/parri/Documents/FIB/erasmus+/electric/bookstore/tomcat9/webapps/ROOT] has finished in [41] ms
08-Jun-2025 15:19:30.157 INFO [main] org.apache.coyote.AbstractProtocol.start Starting ProtocolHandler ["http-nio-8080"]
08-Jun-2025 15:19:30.163 INFO [main] org.apache.catalina.startup.Catalina.start Server startup in [630] milliseconds
