08-May-2025 13:40:47.928 INFO [main] org.apache.catalina.startup.VersionLoggerListener.log Server version name:   Apache Tomcat/9.0.104
08-May-2025 13:40:47.934 INFO [main] org.apache.catalina.startup.VersionLoggerListener.log Server built:          Apr 4 2025 12:32:55 UTC
08-May-2025 13:40:47.935 INFO [main] org.apache.catalina.startup.VersionLoggerListener.log Server version number: 9.0.104.0
08-May-2025 13:40:47.935 INFO [main] org.apache.catalina.startup.VersionLoggerListener.log OS Name:               Linux
08-May-2025 13:40:47.935 INFO [main] org.apache.catalina.startup.VersionLoggerListener.log OS Version:            6.11.0-24-generic
08-May-2025 13:40:47.935 INFO [main] org.apache.catalina.startup.VersionLoggerListener.log Architecture:          amd64
08-May-2025 13:40:47.936 INFO [main] org.apache.catalina.startup.VersionLoggerListener.log Java Home:             /opt/jdk-22.0.2
08-May-2025 13:40:47.936 INFO [main] org.apache.catalina.startup.VersionLoggerListener.log JVM Version:           22.0.2+9-70
08-May-2025 13:40:47.936 INFO [main] org.apache.catalina.startup.VersionLoggerListener.log JVM Vendor:            Oracle Corporation
08-May-2025 13:40:47.936 INFO [main] org.apache.catalina.startup.VersionLoggerListener.log CATALINA_BASE:         /home/parri/Documents/FIB/erasmus+/electric/bookstore/tomcat9
08-May-2025 13:40:47.936 INFO [main] org.apache.catalina.startup.VersionLoggerListener.log CATALINA_HOME:         /home/parri/Documents/FIB/erasmus+/electric/bookstore/tomcat9
08-May-2025 13:40:47.951 INFO [main] org.apache.catalina.startup.VersionLoggerListener.log Command line argument: --add-opens=java.base/java.lang=ALL-UNNAMED
08-May-2025 13:40:47.951 INFO [main] org.apache.catalina.startup.VersionLoggerListener.log Command line argument: --add-opens=java.base/java.lang.invoke=ALL-UNNAMED
08-May-2025 13:40:47.951 INFO [main] org.apache.catalina.startup.VersionLoggerListener.log Command line argument: --add-opens=java.base/java.lang.reflect=ALL-UNNAMED
08-May-2025 13:40:47.951 INFO [main] org.apache.catalina.startup.VersionLoggerListener.log Command line argument: --add-opens=java.base/java.io=ALL-UNNAMED
08-May-2025 13:40:47.951 INFO [main] org.apache.catalina.startup.VersionLoggerListener.log Command line argument: --add-opens=java.base/java.util=ALL-UNNAMED
08-May-2025 13:40:47.952 INFO [main] org.apache.catalina.startup.VersionLoggerListener.log Command line argument: --add-opens=java.base/java.util.concurrent=ALL-UNNAMED
08-May-2025 13:40:47.952 INFO [main] org.apache.catalina.startup.VersionLoggerListener.log Command line argument: --add-opens=java.rmi/sun.rmi.transport=ALL-UNNAMED
08-May-2025 13:40:47.952 INFO [main] org.apache.catalina.startup.VersionLoggerListener.log Command line argument: -Djava.util.logging.config.file=/home/parri/Documents/FIB/erasmus+/electric/bookstore/tomcat9/conf/logging.properties
08-May-2025 13:40:47.952 INFO [main] org.apache.catalina.startup.VersionLoggerListener.log Command line argument: -Djava.util.logging.manager=org.apache.juli.ClassLoaderLogManager
08-May-2025 13:40:47.952 INFO [main] org.apache.catalina.startup.VersionLoggerListener.log Command line argument: -Djdk.tls.ephemeralDHKeySize=2048
08-May-2025 13:40:47.952 INFO [main] org.apache.catalina.startup.VersionLoggerListener.log Command line argument: -Djava.protocol.handler.pkgs=org.apache.catalina.webresources
08-May-2025 13:40:47.953 INFO [main] org.apache.catalina.startup.VersionLoggerListener.log Command line argument: -Dsun.io.useCanonCaches=false
08-May-2025 13:40:47.953 INFO [main] org.apache.catalina.startup.VersionLoggerListener.log Command line argument: -Dorg.apache.catalina.security.SecurityListener.UMASK=0027
08-May-2025 13:40:47.953 INFO [main] org.apache.catalina.startup.VersionLoggerListener.log Command line argument: -Dignore.endorsed.dirs=
08-May-2025 13:40:47.953 INFO [main] org.apache.catalina.startup.VersionLoggerListener.log Command line argument: -Dcatalina.base=/home/parri/Documents/FIB/erasmus+/electric/bookstore/tomcat9
08-May-2025 13:40:47.953 INFO [main] org.apache.catalina.startup.VersionLoggerListener.log Command line argument: -Dcatalina.home=/home/parri/Documents/FIB/erasmus+/electric/bookstore/tomcat9
08-May-2025 13:40:47.953 INFO [main] org.apache.catalina.startup.VersionLoggerListener.log Command line argument: -Djava.io.tmpdir=/home/parri/Documents/FIB/erasmus+/electric/bookstore/tomcat9/temp
08-May-2025 13:40:47.956 INFO [main] org.apache.catalina.core.AprLifecycleListener.lifecycleEvent The Apache Tomcat Native library which allows using OpenSSL was not found on the java.library.path: [/usr/java/packages/lib:/usr/lib64:/lib64:/lib:/usr/lib]
08-May-2025 13:40:48.387 INFO [main] org.apache.coyote.AbstractProtocol.init Initializing ProtocolHandler ["http-nio-8080"]
08-May-2025 13:40:48.418 INFO [main] org.apache.catalina.startup.Catalina.load Server initialization in [758] milliseconds
08-May-2025 13:40:48.474 INFO [main] org.apache.catalina.core.StandardService.startInternal Starting service [Catalina]
08-May-2025 13:40:48.474 INFO [main] org.apache.catalina.core.StandardEngine.startInternal Starting Servlet engine: [Apache Tomcat/9.0.104]
08-May-2025 13:40:48.484 INFO [main] org.apache.catalina.startup.HostConfig.deployDirectory Deploying web application directory [/home/parri/Documents/FIB/erasmus+/electric/bookstore/tomcat9/webapps/manager]
08-May-2025 13:40:48.903 INFO [main] org.apache.jasper.servlet.TldScanner.scanJars At least one JAR was scanned for TLDs yet contained no TLDs. Enable debug logging for this logger for a complete list of JARs that were scanned but no TLDs were found in them. Skipping unneeded JARs during scanning can improve startup time and JSP compilation time.
08-May-2025 13:40:48.963 INFO [main] org.apache.catalina.startup.HostConfig.deployDirectory Deployment of web application directory [/home/parri/Documents/FIB/erasmus+/electric/bookstore/tomcat9/webapps/manager] has finished in [479] ms
08-May-2025 13:40:48.964 INFO [main] org.apache.catalina.startup.HostConfig.deployDirectory Deploying web application directory [/home/parri/Documents/FIB/erasmus+/electric/bookstore/tomcat9/webapps/host-manager]
08-May-2025 13:40:49.070 INFO [main] org.apache.jasper.servlet.TldScanner.scanJars At least one JAR was scanned for TLDs yet contained no TLDs. Enable debug logging for this logger for a complete list of JARs that were scanned but no TLDs were found in them. Skipping unneeded JARs during scanning can improve startup time and JSP compilation time.
08-May-2025 13:40:49.074 INFO [main] org.apache.catalina.startup.HostConfig.deployDirectory Deployment of web application directory [/home/parri/Documents/FIB/erasmus+/electric/bookstore/tomcat9/webapps/host-manager] has finished in [110] ms
08-May-2025 13:40:49.074 INFO [main] org.apache.catalina.startup.HostConfig.deployDirectory Deploying web application directory [/home/parri/Documents/FIB/erasmus+/electric/bookstore/tomcat9/webapps/docs]
08-May-2025 13:40:49.157 INFO [main] org.apache.jasper.servlet.TldScanner.scanJars At least one JAR was scanned for TLDs yet contained no TLDs. Enable debug logging for this logger for a complete list of JARs that were scanned but no TLDs were found in them. Skipping unneeded JARs during scanning can improve startup time and JSP compilation time.
08-May-2025 13:40:49.159 INFO [main] org.apache.catalina.startup.HostConfig.deployDirectory Deployment of web application directory [/home/parri/Documents/FIB/erasmus+/electric/bookstore/tomcat9/webapps/docs] has finished in [85] ms
08-May-2025 13:40:49.160 INFO [main] org.apache.catalina.startup.HostConfig.deployDirectory Deploying web application directory [/home/parri/Documents/FIB/erasmus+/electric/bookstore/tomcat9/webapps/examples]
08-May-2025 13:40:49.423 INFO [main] org.apache.jasper.servlet.TldScanner.scanJars At least one JAR was scanned for TLDs yet contained no TLDs. Enable debug logging for this logger for a complete list of JARs that were scanned but no TLDs were found in them. Skipping unneeded JARs during scanning can improve startup time and JSP compilation time.
08-May-2025 13:40:49.463 INFO [main] org.apache.catalina.startup.HostConfig.deployDirectory Deployment of web application directory [/home/parri/Documents/FIB/erasmus+/electric/bookstore/tomcat9/webapps/examples] has finished in [304] ms
08-May-2025 13:40:49.464 INFO [main] org.apache.catalina.startup.HostConfig.deployDirectory Deploying web application directory [/home/parri/Documents/FIB/erasmus+/electric/bookstore/tomcat9/webapps/bookstore]
08-May-2025 13:40:49.571 INFO [main] org.apache.jasper.servlet.TldScanner.scanJars At least one JAR was scanned for TLDs yet contained no TLDs. Enable debug logging for this logger for a complete list of JARs that were scanned but no TLDs were found in them. Skipping unneeded JARs during scanning can improve startup time and JSP compilation time.
08-May-2025 13:40:49.582 INFO [main] org.apache.catalina.startup.HostConfig.deployDirectory Deployment of web application directory [/home/parri/Documents/FIB/erasmus+/electric/bookstore/tomcat9/webapps/bookstore] has finished in [118] ms
08-May-2025 13:40:49.582 INFO [main] org.apache.catalina.startup.HostConfig.deployDirectory Deploying web application directory [/home/parri/Documents/FIB/erasmus+/electric/bookstore/tomcat9/webapps/ROOT]
08-May-2025 13:40:49.665 INFO [main] org.apache.jasper.servlet.TldScanner.scanJars At least one JAR was scanned for TLDs yet contained no TLDs. Enable debug logging for this logger for a complete list of JARs that were scanned but no TLDs were found in them. Skipping unneeded JARs during scanning can improve startup time and JSP compilation time.
08-May-2025 13:40:49.668 INFO [main] org.apache.catalina.startup.HostConfig.deployDirectory Deployment of web application directory [/home/parri/Documents/FIB/erasmus+/electric/bookstore/tomcat9/webapps/ROOT] has finished in [86] ms
08-May-2025 13:40:49.672 INFO [main] org.apache.coyote.AbstractProtocol.start Starting ProtocolHandler ["http-nio-8080"]
08-May-2025 13:40:49.686 INFO [main] org.apache.catalina.startup.Catalina.start Server startup in [1265] milliseconds
