05-May-2025 14:17:53.408 INFO [main] org.apache.catalina.core.ApplicationContext.log ContextListener: contextInitialized()
05-May-2025 14:17:53.408 INFO [main] org.apache.catalina.core.ApplicationContext.log SessionListener: contextInitialized()
05-May-2025 14:17:53.409 INFO [main] org.apache.catalina.core.ApplicationContext.log ContextListener: attributeAdded('StockTicker', 'async.Stockticker@cb03411')
05-May-2025 14:19:17.982 INFO [main] org.apache.catalina.core.ApplicationContext.log ContextListener: contextInitialized()
05-May-2025 14:19:17.982 INFO [main] org.apache.catalina.core.ApplicationContext.log SessionListener: contextInitialized()
05-May-2025 14:19:17.983 INFO [main] org.apache.catalina.core.ApplicationContext.log ContextListener: attributeAdded('StockTicker', 'async.Stockticker@446c3920')
05-May-2025 14:19:18.100 INFO [main] org.apache.catalina.core.ApplicationContext.log SessionListener: contextDestroyed()
05-May-2025 14:19:18.100 INFO [main] org.apache.catalina.core.ApplicationContext.log ContextListener: contextDestroyed()
05-May-2025 14:19:21.654 INFO [main] org.apache.catalina.core.ApplicationContext.log SessionListener: contextDestroyed()
05-May-2025 14:19:21.654 INFO [main] org.apache.catalina.core.ApplicationContext.log ContextListener: contextDestroyed()
05-May-2025 14:19:24.653 INFO [main] org.apache.catalina.core.ApplicationContext.log ContextListener: contextInitialized()
05-May-2025 14:19:24.653 INFO [main] org.apache.catalina.core.ApplicationContext.log SessionListener: contextInitialized()
05-May-2025 14:19:24.653 INFO [main] org.apache.catalina.core.ApplicationContext.log ContextListener: attributeAdded('StockTicker', 'async.Stockticker@4efc25fc')
05-May-2025 15:17:49.621 INFO [main] org.apache.catalina.core.ApplicationContext.log ContextListener: contextInitialized()
05-May-2025 15:17:49.621 INFO [main] org.apache.catalina.core.ApplicationContext.log SessionListener: contextInitialized()
05-May-2025 15:17:49.622 INFO [main] org.apache.catalina.core.ApplicationContext.log ContextListener: attributeAdded('StockTicker', 'async.Stockticker@53dad875')
05-May-2025 15:17:49.742 INFO [main] org.apache.catalina.core.ApplicationContext.log SessionListener: contextDestroyed()
05-May-2025 15:17:49.742 INFO [main] org.apache.catalina.core.ApplicationContext.log ContextListener: contextDestroyed()
05-May-2025 15:17:52.652 INFO [main] org.apache.catalina.core.ApplicationContext.log SessionListener: contextDestroyed()
05-May-2025 15:17:52.652 INFO [main] org.apache.catalina.core.ApplicationContext.log ContextListener: contextDestroyed()
05-May-2025 15:17:55.712 INFO [main] org.apache.catalina.core.ApplicationContext.log ContextListener: contextInitialized()
05-May-2025 15:17:55.712 INFO [main] org.apache.catalina.core.ApplicationContext.log SessionListener: contextInitialized()
05-May-2025 15:17:55.713 INFO [main] org.apache.catalina.core.ApplicationContext.log ContextListener: attributeAdded('StockTicker', 'async.Stockticker@499683c4')
