01-May-2025 14:21:13.120 INFO [main] org.apache.catalina.core.ApplicationContext.log ContextListener: contextInitialized()
01-May-2025 14:21:13.120 INFO [main] org.apache.catalina.core.ApplicationContext.log SessionListener: contextInitialized()
01-May-2025 14:21:13.122 INFO [main] org.apache.catalina.core.ApplicationContext.log ContextListener: attributeAdded('StockTicker', 'async.Stockticker@4cc547a')
01-May-2025 14:23:14.199 INFO [Catalina-utility-2] org.apache.catalina.core.ApplicationContext.log SessionListener: contextDestroyed()
01-May-2025 14:23:14.199 INFO [Catalina-utility-2] org.apache.catalina.core.ApplicationContext.log ContextListener: contextDestroyed()
01-May-2025 14:25:03.967 INFO [main] org.apache.catalina.core.ApplicationContext.log ContextListener: contextInitialized()
01-May-2025 14:25:03.967 INFO [main] org.apache.catalina.core.ApplicationContext.log SessionListener: contextInitialized()
01-May-2025 14:25:03.968 INFO [main] org.apache.catalina.core.ApplicationContext.log ContextListener: attributeAdded('StockTicker', 'async.Stockticker@355e34c7')
01-May-2025 14:25:04.062 INFO [main] org.apache.catalina.core.ApplicationContext.log SessionListener: contextDestroyed()
01-May-2025 14:25:04.062 INFO [main] org.apache.catalina.core.ApplicationContext.log ContextListener: contextDestroyed()
01-May-2025 14:29:42.536 INFO [main] org.apache.catalina.core.ApplicationContext.log ContextListener: contextInitialized()
01-May-2025 14:29:42.536 INFO [main] org.apache.catalina.core.ApplicationContext.log SessionListener: contextInitialized()
01-May-2025 14:29:42.538 INFO [main] org.apache.catalina.core.ApplicationContext.log ContextListener: attributeAdded('StockTicker', 'async.Stockticker@2fd1731c')
01-May-2025 14:29:42.627 INFO [main] org.apache.catalina.core.ApplicationContext.log SessionListener: contextDestroyed()
01-May-2025 14:29:42.627 INFO [main] org.apache.catalina.core.ApplicationContext.log ContextListener: contextDestroyed()
01-May-2025 14:32:37.495 INFO [main] org.apache.catalina.core.ApplicationContext.log ContextListener: contextInitialized()
01-May-2025 14:32:37.495 INFO [main] org.apache.catalina.core.ApplicationContext.log SessionListener: contextInitialized()
01-May-2025 14:32:37.497 INFO [main] org.apache.catalina.core.ApplicationContext.log ContextListener: attributeAdded('StockTicker', 'async.Stockticker@7a138fc5')
01-May-2025 14:36:29.580 INFO [main] org.apache.catalina.core.ApplicationContext.log SessionListener: contextDestroyed()
01-May-2025 14:36:29.580 INFO [main] org.apache.catalina.core.ApplicationContext.log ContextListener: contextDestroyed()
01-May-2025 14:36:37.097 INFO [main] org.apache.catalina.core.ApplicationContext.log ContextListener: contextInitialized()
01-May-2025 14:36:37.097 INFO [main] org.apache.catalina.core.ApplicationContext.log SessionListener: contextInitialized()
01-May-2025 14:36:37.099 INFO [main] org.apache.catalina.core.ApplicationContext.log ContextListener: attributeAdded('StockTicker', 'async.Stockticker@43ed0ff3')
01-May-2025 14:38:39.844 INFO [main] org.apache.catalina.core.ApplicationContext.log SessionListener: contextDestroyed()
01-May-2025 14:38:39.844 INFO [main] org.apache.catalina.core.ApplicationContext.log ContextListener: contextDestroyed()
01-May-2025 14:38:41.470 INFO [main] org.apache.catalina.core.ApplicationContext.log ContextListener: contextInitialized()
01-May-2025 14:38:41.470 INFO [main] org.apache.catalina.core.ApplicationContext.log SessionListener: contextInitialized()
01-May-2025 14:38:41.471 INFO [main] org.apache.catalina.core.ApplicationContext.log ContextListener: attributeAdded('StockTicker', 'async.Stockticker@7e70bd39')
01-May-2025 14:44:26.638 INFO [main] org.apache.catalina.core.ApplicationContext.log SessionListener: contextDestroyed()
01-May-2025 14:44:26.638 INFO [main] org.apache.catalina.core.ApplicationContext.log ContextListener: contextDestroyed()
01-May-2025 14:44:28.270 INFO [main] org.apache.catalina.core.ApplicationContext.log ContextListener: contextInitialized()
01-May-2025 14:44:28.270 INFO [main] org.apache.catalina.core.ApplicationContext.log SessionListener: contextInitialized()
01-May-2025 14:44:28.271 INFO [main] org.apache.catalina.core.ApplicationContext.log ContextListener: attributeAdded('StockTicker', 'async.Stockticker@7e70bd39')
01-May-2025 14:59:12.761 INFO [main] org.apache.catalina.core.ApplicationContext.log SessionListener: contextDestroyed()
01-May-2025 14:59:12.761 INFO [main] org.apache.catalina.core.ApplicationContext.log ContextListener: contextDestroyed()
01-May-2025 14:59:17.997 INFO [main] org.apache.catalina.core.ApplicationContext.log ContextListener: contextInitialized()
01-May-2025 14:59:17.997 INFO [main] org.apache.catalina.core.ApplicationContext.log SessionListener: contextInitialized()
01-May-2025 14:59:17.998 INFO [main] org.apache.catalina.core.ApplicationContext.log ContextListener: attributeAdded('StockTicker', 'async.Stockticker@4efcf8a')
01-May-2025 15:00:30.443 INFO [main] org.apache.catalina.core.ApplicationContext.log SessionListener: contextDestroyed()
01-May-2025 15:00:30.443 INFO [main] org.apache.catalina.core.ApplicationContext.log ContextListener: contextDestroyed()
01-May-2025 15:00:34.136 INFO [main] org.apache.catalina.core.ApplicationContext.log ContextListener: contextInitialized()
01-May-2025 15:00:34.137 INFO [main] org.apache.catalina.core.ApplicationContext.log SessionListener: contextInitialized()
01-May-2025 15:00:34.138 INFO [main] org.apache.catalina.core.ApplicationContext.log ContextListener: attributeAdded('StockTicker', 'async.Stockticker@2f4854d6')
01-May-2025 15:01:46.359 INFO [main] org.apache.catalina.core.ApplicationContext.log SessionListener: contextDestroyed()
01-May-2025 15:01:46.359 INFO [main] org.apache.catalina.core.ApplicationContext.log ContextListener: contextDestroyed()
01-May-2025 15:01:47.972 INFO [main] org.apache.catalina.core.ApplicationContext.log ContextListener: contextInitialized()
01-May-2025 15:01:47.972 INFO [main] org.apache.catalina.core.ApplicationContext.log SessionListener: contextInitialized()
01-May-2025 15:01:47.973 INFO [main] org.apache.catalina.core.ApplicationContext.log ContextListener: attributeAdded('StockTicker', 'async.Stockticker@6de54b40')
01-May-2025 15:05:35.208 INFO [main] org.apache.catalina.core.ApplicationContext.log SessionListener: contextDestroyed()
01-May-2025 15:05:35.208 INFO [main] org.apache.catalina.core.ApplicationContext.log ContextListener: contextDestroyed()
01-May-2025 15:05:38.896 INFO [main] org.apache.catalina.core.ApplicationContext.log ContextListener: contextInitialized()
01-May-2025 15:05:38.896 INFO [main] org.apache.catalina.core.ApplicationContext.log SessionListener: contextInitialized()
01-May-2025 15:05:38.898 INFO [main] org.apache.catalina.core.ApplicationContext.log ContextListener: attributeAdded('StockTicker', 'async.Stockticker@2f4854d6')
01-May-2025 16:57:35.846 INFO [main] org.apache.catalina.core.ApplicationContext.log SessionListener: contextDestroyed()
01-May-2025 16:57:35.846 INFO [main] org.apache.catalina.core.ApplicationContext.log ContextListener: contextDestroyed()
01-May-2025 16:57:38.671 INFO [main] org.apache.catalina.core.ApplicationContext.log ContextListener: contextInitialized()
01-May-2025 16:57:38.671 INFO [main] org.apache.catalina.core.ApplicationContext.log SessionListener: contextInitialized()
01-May-2025 16:57:38.671 INFO [main] org.apache.catalina.core.ApplicationContext.log ContextListener: attributeAdded('StockTicker', 'async.Stockticker@2f4854d6')
01-May-2025 16:59:06.991 INFO [main] org.apache.catalina.core.ApplicationContext.log SessionListener: contextDestroyed()
01-May-2025 16:59:06.991 INFO [main] org.apache.catalina.core.ApplicationContext.log ContextListener: contextDestroyed()
01-May-2025 16:59:09.848 INFO [main] org.apache.catalina.core.ApplicationContext.log ContextListener: contextInitialized()
01-May-2025 16:59:09.848 INFO [main] org.apache.catalina.core.ApplicationContext.log SessionListener: contextInitialized()
01-May-2025 16:59:09.849 INFO [main] org.apache.catalina.core.ApplicationContext.log ContextListener: attributeAdded('StockTicker', 'async.Stockticker@7e70bd39')
01-May-2025 17:01:02.119 INFO [main] org.apache.catalina.core.ApplicationContext.log SessionListener: contextDestroyed()
01-May-2025 17:01:02.119 INFO [main] org.apache.catalina.core.ApplicationContext.log ContextListener: contextDestroyed()
01-May-2025 17:01:04.964 INFO [main] org.apache.catalina.core.ApplicationContext.log ContextListener: contextInitialized()
01-May-2025 17:01:04.964 INFO [main] org.apache.catalina.core.ApplicationContext.log SessionListener: contextInitialized()
01-May-2025 17:01:04.966 INFO [main] org.apache.catalina.core.ApplicationContext.log ContextListener: attributeAdded('StockTicker', 'async.Stockticker@2f4854d6')
01-May-2025 17:04:10.563 INFO [main] org.apache.catalina.core.ApplicationContext.log SessionListener: contextDestroyed()
01-May-2025 17:04:10.563 INFO [main] org.apache.catalina.core.ApplicationContext.log ContextListener: contextDestroyed()
01-May-2025 17:04:13.459 INFO [main] org.apache.catalina.core.ApplicationContext.log ContextListener: contextInitialized()
01-May-2025 17:04:13.459 INFO [main] org.apache.catalina.core.ApplicationContext.log SessionListener: contextInitialized()
01-May-2025 17:04:13.460 INFO [main] org.apache.catalina.core.ApplicationContext.log ContextListener: attributeAdded('StockTicker', 'async.Stockticker@2f4854d6')
01-May-2025 17:05:35.135 INFO [main] org.apache.catalina.core.ApplicationContext.log SessionListener: contextDestroyed()
01-May-2025 17:05:35.135 INFO [main] org.apache.catalina.core.ApplicationContext.log ContextListener: contextDestroyed()
01-May-2025 17:05:38.019 INFO [main] org.apache.catalina.core.ApplicationContext.log ContextListener: contextInitialized()
01-May-2025 17:05:38.019 INFO [main] org.apache.catalina.core.ApplicationContext.log SessionListener: contextInitialized()
01-May-2025 17:05:38.020 INFO [main] org.apache.catalina.core.ApplicationContext.log ContextListener: attributeAdded('StockTicker', 'async.Stockticker@2f4854d6')
01-May-2025 17:06:51.339 INFO [main] org.apache.catalina.core.ApplicationContext.log SessionListener: contextDestroyed()
01-May-2025 17:06:51.339 INFO [main] org.apache.catalina.core.ApplicationContext.log ContextListener: contextDestroyed()
01-May-2025 17:06:54.200 INFO [main] org.apache.catalina.core.ApplicationContext.log ContextListener: contextInitialized()
01-May-2025 17:06:54.200 INFO [main] org.apache.catalina.core.ApplicationContext.log SessionListener: contextInitialized()
01-May-2025 17:06:54.201 INFO [main] org.apache.catalina.core.ApplicationContext.log ContextListener: attributeAdded('StockTicker', 'async.Stockticker@61d9efe0')
01-May-2025 17:13:02.374 INFO [main] org.apache.catalina.core.ApplicationContext.log SessionListener: contextDestroyed()
01-May-2025 17:13:02.374 INFO [main] org.apache.catalina.core.ApplicationContext.log ContextListener: contextDestroyed()
01-May-2025 17:13:05.260 INFO [main] org.apache.catalina.core.ApplicationContext.log ContextListener: contextInitialized()
01-May-2025 17:13:05.260 INFO [main] org.apache.catalina.core.ApplicationContext.log SessionListener: contextInitialized()
01-May-2025 17:13:05.261 INFO [main] org.apache.catalina.core.ApplicationContext.log ContextListener: attributeAdded('StockTicker', 'async.Stockticker@61d9efe0')
01-May-2025 17:15:07.367 INFO [main] org.apache.catalina.core.ApplicationContext.log SessionListener: contextDestroyed()
01-May-2025 17:15:07.367 INFO [main] org.apache.catalina.core.ApplicationContext.log ContextListener: contextDestroyed()
01-May-2025 17:15:10.237 INFO [main] org.apache.catalina.core.ApplicationContext.log ContextListener: contextInitialized()
01-May-2025 17:15:10.237 INFO [main] org.apache.catalina.core.ApplicationContext.log SessionListener: contextInitialized()
01-May-2025 17:15:10.238 INFO [main] org.apache.catalina.core.ApplicationContext.log ContextListener: attributeAdded('StockTicker', 'async.Stockticker@44a2b17b')
01-May-2025 17:18:35.914 INFO [main] org.apache.catalina.core.ApplicationContext.log SessionListener: contextDestroyed()
01-May-2025 17:18:35.914 INFO [main] org.apache.catalina.core.ApplicationContext.log ContextListener: contextDestroyed()
01-May-2025 17:18:38.938 INFO [main] org.apache.catalina.core.ApplicationContext.log ContextListener: contextInitialized()
01-May-2025 17:18:38.938 INFO [main] org.apache.catalina.core.ApplicationContext.log SessionListener: contextInitialized()
01-May-2025 17:18:38.938 INFO [main] org.apache.catalina.core.ApplicationContext.log ContextListener: attributeAdded('StockTicker', 'async.Stockticker@4efc25fc')
01-May-2025 17:19:19.118 INFO [main] org.apache.catalina.core.ApplicationContext.log SessionListener: contextDestroyed()
01-May-2025 17:19:19.118 INFO [main] org.apache.catalina.core.ApplicationContext.log ContextListener: contextDestroyed()
01-May-2025 17:19:22.120 INFO [main] org.apache.catalina.core.ApplicationContext.log ContextListener: contextInitialized()
01-May-2025 17:19:22.120 INFO [main] org.apache.catalina.core.ApplicationContext.log SessionListener: contextInitialized()
01-May-2025 17:19:22.121 INFO [main] org.apache.catalina.core.ApplicationContext.log ContextListener: attributeAdded('StockTicker', 'async.Stockticker@25da615a')
01-May-2025 17:24:48.338 INFO [main] org.apache.catalina.core.ApplicationContext.log SessionListener: contextDestroyed()
01-May-2025 17:24:48.338 INFO [main] org.apache.catalina.core.ApplicationContext.log ContextListener: contextDestroyed()
01-May-2025 17:24:51.407 INFO [main] org.apache.catalina.core.ApplicationContext.log ContextListener: contextInitialized()
01-May-2025 17:24:51.407 INFO [main] org.apache.catalina.core.ApplicationContext.log SessionListener: contextInitialized()
01-May-2025 17:24:51.408 INFO [main] org.apache.catalina.core.ApplicationContext.log ContextListener: attributeAdded('StockTicker', 'async.Stockticker@25da615a')
01-May-2025 17:32:16.162 INFO [main] org.apache.catalina.core.ApplicationContext.log SessionListener: contextDestroyed()
01-May-2025 17:32:16.162 INFO [main] org.apache.catalina.core.ApplicationContext.log ContextListener: contextDestroyed()
01-May-2025 17:32:19.201 INFO [main] org.apache.catalina.core.ApplicationContext.log ContextListener: contextInitialized()
01-May-2025 17:32:19.201 INFO [main] org.apache.catalina.core.ApplicationContext.log SessionListener: contextInitialized()
01-May-2025 17:32:19.202 INFO [main] org.apache.catalina.core.ApplicationContext.log ContextListener: attributeAdded('StockTicker', 'async.Stockticker@499683c4')
01-May-2025 17:33:24.311 INFO [main] org.apache.catalina.core.ApplicationContext.log SessionListener: contextDestroyed()
01-May-2025 17:33:24.311 INFO [main] org.apache.catalina.core.ApplicationContext.log ContextListener: contextDestroyed()
01-May-2025 17:33:27.382 INFO [main] org.apache.catalina.core.ApplicationContext.log ContextListener: contextInitialized()
01-May-2025 17:33:27.382 INFO [main] org.apache.catalina.core.ApplicationContext.log SessionListener: contextInitialized()
01-May-2025 17:33:27.383 INFO [main] org.apache.catalina.core.ApplicationContext.log ContextListener: attributeAdded('StockTicker', 'async.Stockticker@499683c4')
01-May-2025 17:38:36.429 INFO [main] org.apache.catalina.core.ApplicationContext.log SessionListener: contextDestroyed()
01-May-2025 17:38:36.429 INFO [main] org.apache.catalina.core.ApplicationContext.log ContextListener: contextDestroyed()
01-May-2025 17:38:39.436 INFO [main] org.apache.catalina.core.ApplicationContext.log ContextListener: contextInitialized()
01-May-2025 17:38:39.436 INFO [main] org.apache.catalina.core.ApplicationContext.log SessionListener: contextInitialized()
01-May-2025 17:38:39.437 INFO [main] org.apache.catalina.core.ApplicationContext.log ContextListener: attributeAdded('StockTicker', 'async.Stockticker@43a51d00')
01-May-2025 17:39:22.812 INFO [main] org.apache.catalina.core.ApplicationContext.log SessionListener: contextDestroyed()
01-May-2025 17:39:22.812 INFO [main] org.apache.catalina.core.ApplicationContext.log ContextListener: contextDestroyed()
01-May-2025 17:39:25.852 INFO [main] org.apache.catalina.core.ApplicationContext.log ContextListener: contextInitialized()
01-May-2025 17:39:25.852 INFO [main] org.apache.catalina.core.ApplicationContext.log SessionListener: contextInitialized()
01-May-2025 17:39:25.853 INFO [main] org.apache.catalina.core.ApplicationContext.log ContextListener: attributeAdded('StockTicker', 'async.Stockticker@499683c4')
01-May-2025 17:40:21.842 INFO [main] org.apache.catalina.core.ApplicationContext.log SessionListener: contextDestroyed()
01-May-2025 17:40:21.842 INFO [main] org.apache.catalina.core.ApplicationContext.log ContextListener: contextDestroyed()
01-May-2025 17:40:24.845 INFO [main] org.apache.catalina.core.ApplicationContext.log ContextListener: contextInitialized()
01-May-2025 17:40:24.845 INFO [main] org.apache.catalina.core.ApplicationContext.log SessionListener: contextInitialized()
01-May-2025 17:40:24.846 INFO [main] org.apache.catalina.core.ApplicationContext.log ContextListener: attributeAdded('StockTicker', 'async.Stockticker@4efc25fc')
01-May-2025 17:41:40.594 INFO [main] org.apache.catalina.core.ApplicationContext.log SessionListener: contextDestroyed()
01-May-2025 17:41:40.594 INFO [main] org.apache.catalina.core.ApplicationContext.log ContextListener: contextDestroyed()
01-May-2025 17:41:43.594 INFO [main] org.apache.catalina.core.ApplicationContext.log ContextListener: contextInitialized()
01-May-2025 17:41:43.594 INFO [main] org.apache.catalina.core.ApplicationContext.log SessionListener: contextInitialized()
01-May-2025 17:41:43.594 INFO [main] org.apache.catalina.core.ApplicationContext.log ContextListener: attributeAdded('StockTicker', 'async.Stockticker@43a51d00')
