02-May-2025 10:49:45.229 INFO [main] org.apache.catalina.core.ApplicationContext.log ContextListener: contextInitialized()
02-May-2025 10:49:45.230 INFO [main] org.apache.catalina.core.ApplicationContext.log SessionListener: contextInitialized()
02-May-2025 10:49:45.230 INFO [main] org.apache.catalina.core.ApplicationContext.log ContextListener: attributeAdded('StockTicker', 'async.Stockticker@4c59e45e')
02-May-2025 10:50:31.158 INFO [main] org.apache.catalina.core.ApplicationContext.log ContextListener: contextInitialized()
02-May-2025 10:50:31.158 INFO [main] org.apache.catalina.core.ApplicationContext.log SessionListener: contextInitialized()
02-May-2025 10:50:31.158 INFO [main] org.apache.catalina.core.ApplicationContext.log ContextListener: attributeAdded('StockTicker', 'async.Stockticker@5f780a86')
02-May-2025 10:50:31.270 INFO [main] org.apache.catalina.core.ApplicationContext.log SessionListener: contextDestroyed()
02-May-2025 10:50:31.270 INFO [main] org.apache.catalina.core.ApplicationContext.log ContextListener: contextDestroyed()
02-May-2025 10:52:39.658 INFO [main] org.apache.catalina.core.ApplicationContext.log SessionListener: contextDestroyed()
02-May-2025 10:52:39.658 INFO [main] org.apache.catalina.core.ApplicationContext.log ContextListener: contextDestroyed()
02-May-2025 10:52:42.718 INFO [main] org.apache.catalina.core.ApplicationContext.log ContextListener: contextInitialized()
02-May-2025 10:52:42.718 INFO [main] org.apache.catalina.core.ApplicationContext.log SessionListener: contextInitialized()
02-May-2025 10:52:42.718 INFO [main] org.apache.catalina.core.ApplicationContext.log ContextListener: attributeAdded('StockTicker', 'async.Stockticker@4efc25fc')
02-May-2025 10:53:16.003 INFO [main] org.apache.catalina.core.ApplicationContext.log SessionListener: contextDestroyed()
02-May-2025 10:53:16.003 INFO [main] org.apache.catalina.core.ApplicationContext.log ContextListener: contextDestroyed()
02-May-2025 10:53:19.097 INFO [main] org.apache.catalina.core.ApplicationContext.log ContextListener: contextInitialized()
02-May-2025 10:53:19.097 INFO [main] org.apache.catalina.core.ApplicationContext.log SessionListener: contextInitialized()
02-May-2025 10:53:19.098 INFO [main] org.apache.catalina.core.ApplicationContext.log ContextListener: attributeAdded('StockTicker', 'async.Stockticker@43a51d00')
02-May-2025 10:57:05.862 INFO [main] org.apache.catalina.core.ApplicationContext.log SessionListener: contextDestroyed()
02-May-2025 10:57:05.862 INFO [main] org.apache.catalina.core.ApplicationContext.log ContextListener: contextDestroyed()
02-May-2025 10:57:08.862 INFO [main] org.apache.catalina.core.ApplicationContext.log ContextListener: contextInitialized()
02-May-2025 10:57:08.862 INFO [main] org.apache.catalina.core.ApplicationContext.log SessionListener: contextInitialized()
02-May-2025 10:57:08.863 INFO [main] org.apache.catalina.core.ApplicationContext.log ContextListener: attributeAdded('StockTicker', 'async.Stockticker@1816e24a')
02-May-2025 10:58:19.762 INFO [main] org.apache.catalina.core.ApplicationContext.log SessionListener: contextDestroyed()
02-May-2025 10:58:19.762 INFO [main] org.apache.catalina.core.ApplicationContext.log ContextListener: contextDestroyed()
02-May-2025 10:58:22.789 INFO [main] org.apache.catalina.core.ApplicationContext.log ContextListener: contextInitialized()
02-May-2025 10:58:22.789 INFO [main] org.apache.catalina.core.ApplicationContext.log SessionListener: contextInitialized()
02-May-2025 10:58:22.790 INFO [main] org.apache.catalina.core.ApplicationContext.log ContextListener: attributeAdded('StockTicker', 'async.Stockticker@47b179d7')
02-May-2025 10:59:18.831 INFO [main] org.apache.catalina.core.ApplicationContext.log SessionListener: contextDestroyed()
02-May-2025 10:59:18.831 INFO [main] org.apache.catalina.core.ApplicationContext.log ContextListener: contextDestroyed()
02-May-2025 10:59:22.037 INFO [main] org.apache.catalina.core.ApplicationContext.log ContextListener: contextInitialized()
02-May-2025 10:59:22.037 INFO [main] org.apache.catalina.core.ApplicationContext.log SessionListener: contextInitialized()
02-May-2025 10:59:22.038 INFO [main] org.apache.catalina.core.ApplicationContext.log ContextListener: attributeAdded('StockTicker', 'async.Stockticker@4c59e45e')
02-May-2025 10:59:36.787 INFO [main] org.apache.catalina.core.ApplicationContext.log SessionListener: contextDestroyed()
02-May-2025 10:59:36.787 INFO [main] org.apache.catalina.core.ApplicationContext.log ContextListener: contextDestroyed()
02-May-2025 10:59:39.819 INFO [main] org.apache.catalina.core.ApplicationContext.log ContextListener: contextInitialized()
02-May-2025 10:59:39.819 INFO [main] org.apache.catalina.core.ApplicationContext.log SessionListener: contextInitialized()
02-May-2025 10:59:39.819 INFO [main] org.apache.catalina.core.ApplicationContext.log ContextListener: attributeAdded('StockTicker', 'async.Stockticker@499683c4')
02-May-2025 11:00:00.999 INFO [main] org.apache.catalina.core.ApplicationContext.log SessionListener: contextDestroyed()
02-May-2025 11:00:00.999 INFO [main] org.apache.catalina.core.ApplicationContext.log ContextListener: contextDestroyed()
02-May-2025 11:00:04.044 INFO [main] org.apache.catalina.core.ApplicationContext.log ContextListener: contextInitialized()
02-May-2025 11:00:04.044 INFO [main] org.apache.catalina.core.ApplicationContext.log SessionListener: contextInitialized()
02-May-2025 11:00:04.045 INFO [main] org.apache.catalina.core.ApplicationContext.log ContextListener: attributeAdded('StockTicker', 'async.Stockticker@43a51d00')
02-May-2025 11:05:10.147 INFO [main] org.apache.catalina.core.ApplicationContext.log SessionListener: contextDestroyed()
02-May-2025 11:05:10.148 INFO [main] org.apache.catalina.core.ApplicationContext.log ContextListener: contextDestroyed()
02-May-2025 11:05:13.271 INFO [main] org.apache.catalina.core.ApplicationContext.log ContextListener: contextInitialized()
02-May-2025 11:05:13.271 INFO [main] org.apache.catalina.core.ApplicationContext.log SessionListener: contextInitialized()
02-May-2025 11:05:13.271 INFO [main] org.apache.catalina.core.ApplicationContext.log ContextListener: attributeAdded('StockTicker', 'async.Stockticker@75308740')
02-May-2025 11:05:54.852 INFO [main] org.apache.catalina.core.ApplicationContext.log SessionListener: contextDestroyed()
02-May-2025 11:05:54.852 INFO [main] org.apache.catalina.core.ApplicationContext.log ContextListener: contextDestroyed()
02-May-2025 11:05:57.922 INFO [main] org.apache.catalina.core.ApplicationContext.log ContextListener: contextInitialized()
02-May-2025 11:05:57.922 INFO [main] org.apache.catalina.core.ApplicationContext.log SessionListener: contextInitialized()
02-May-2025 11:05:57.923 INFO [main] org.apache.catalina.core.ApplicationContext.log ContextListener: attributeAdded('StockTicker', 'async.Stockticker@396e6d9')
02-May-2025 11:07:50.560 INFO [main] org.apache.catalina.core.ApplicationContext.log SessionListener: contextDestroyed()
02-May-2025 11:07:50.560 INFO [main] org.apache.catalina.core.ApplicationContext.log ContextListener: contextDestroyed()
02-May-2025 11:07:53.630 INFO [main] org.apache.catalina.core.ApplicationContext.log ContextListener: contextInitialized()
02-May-2025 11:07:53.630 INFO [main] org.apache.catalina.core.ApplicationContext.log SessionListener: contextInitialized()
02-May-2025 11:07:53.631 INFO [main] org.apache.catalina.core.ApplicationContext.log ContextListener: attributeAdded('StockTicker', 'async.Stockticker@43a51d00')
02-May-2025 11:09:11.245 INFO [main] org.apache.catalina.core.ApplicationContext.log SessionListener: contextDestroyed()
02-May-2025 11:09:11.246 INFO [main] org.apache.catalina.core.ApplicationContext.log ContextListener: contextDestroyed()
02-May-2025 11:09:14.280 INFO [main] org.apache.catalina.core.ApplicationContext.log ContextListener: contextInitialized()
02-May-2025 11:09:14.280 INFO [main] org.apache.catalina.core.ApplicationContext.log SessionListener: contextInitialized()
02-May-2025 11:09:14.281 INFO [main] org.apache.catalina.core.ApplicationContext.log ContextListener: attributeAdded('StockTicker', 'async.Stockticker@499683c4')
02-May-2025 11:09:30.180 INFO [main] org.apache.catalina.core.ApplicationContext.log SessionListener: contextDestroyed()
02-May-2025 11:09:30.180 INFO [main] org.apache.catalina.core.ApplicationContext.log ContextListener: contextDestroyed()
02-May-2025 11:09:33.221 INFO [main] org.apache.catalina.core.ApplicationContext.log ContextListener: contextInitialized()
02-May-2025 11:09:33.221 INFO [main] org.apache.catalina.core.ApplicationContext.log SessionListener: contextInitialized()
02-May-2025 11:09:33.222 INFO [main] org.apache.catalina.core.ApplicationContext.log ContextListener: attributeAdded('StockTicker', 'async.Stockticker@75308740')
02-May-2025 11:10:08.955 INFO [main] org.apache.catalina.core.ApplicationContext.log SessionListener: contextDestroyed()
02-May-2025 11:10:08.955 INFO [main] org.apache.catalina.core.ApplicationContext.log ContextListener: contextDestroyed()
02-May-2025 11:10:11.953 INFO [main] org.apache.catalina.core.ApplicationContext.log ContextListener: contextInitialized()
02-May-2025 11:10:11.953 INFO [main] org.apache.catalina.core.ApplicationContext.log SessionListener: contextInitialized()
02-May-2025 11:10:11.954 INFO [main] org.apache.catalina.core.ApplicationContext.log ContextListener: attributeAdded('StockTicker', 'async.Stockticker@4efc25fc')
02-May-2025 11:10:44.988 INFO [main] org.apache.catalina.core.ApplicationContext.log SessionListener: contextDestroyed()
02-May-2025 11:10:44.988 INFO [main] org.apache.catalina.core.ApplicationContext.log ContextListener: contextDestroyed()
02-May-2025 11:10:47.981 INFO [main] org.apache.catalina.core.ApplicationContext.log ContextListener: contextInitialized()
02-May-2025 11:10:47.981 INFO [main] org.apache.catalina.core.ApplicationContext.log SessionListener: contextInitialized()
02-May-2025 11:10:47.982 INFO [main] org.apache.catalina.core.ApplicationContext.log ContextListener: attributeAdded('StockTicker', 'async.Stockticker@499683c4')
02-May-2025 11:18:08.866 INFO [main] org.apache.catalina.core.ApplicationContext.log SessionListener: contextDestroyed()
02-May-2025 11:18:08.866 INFO [main] org.apache.catalina.core.ApplicationContext.log ContextListener: contextDestroyed()
02-May-2025 11:18:11.907 INFO [main] org.apache.catalina.core.ApplicationContext.log ContextListener: contextInitialized()
02-May-2025 11:18:11.907 INFO [main] org.apache.catalina.core.ApplicationContext.log SessionListener: contextInitialized()
02-May-2025 11:18:11.908 INFO [main] org.apache.catalina.core.ApplicationContext.log ContextListener: attributeAdded('StockTicker', 'async.Stockticker@4efc25fc')
02-May-2025 11:20:16.579 INFO [main] org.apache.catalina.core.ApplicationContext.log SessionListener: contextDestroyed()
02-May-2025 11:20:16.579 INFO [main] org.apache.catalina.core.ApplicationContext.log ContextListener: contextDestroyed()
02-May-2025 11:20:19.656 INFO [main] org.apache.catalina.core.ApplicationContext.log ContextListener: contextInitialized()
02-May-2025 11:20:19.656 INFO [main] org.apache.catalina.core.ApplicationContext.log SessionListener: contextInitialized()
02-May-2025 11:20:19.657 INFO [main] org.apache.catalina.core.ApplicationContext.log ContextListener: attributeAdded('StockTicker', 'async.Stockticker@4efc25fc')
02-May-2025 11:21:43.287 INFO [main] org.apache.catalina.core.ApplicationContext.log SessionListener: contextDestroyed()
02-May-2025 11:21:43.287 INFO [main] org.apache.catalina.core.ApplicationContext.log ContextListener: contextDestroyed()
02-May-2025 11:21:46.349 INFO [main] org.apache.catalina.core.ApplicationContext.log ContextListener: contextInitialized()
02-May-2025 11:21:46.349 INFO [main] org.apache.catalina.core.ApplicationContext.log SessionListener: contextInitialized()
02-May-2025 11:21:46.350 INFO [main] org.apache.catalina.core.ApplicationContext.log ContextListener: attributeAdded('StockTicker', 'async.Stockticker@25da615a')
02-May-2025 11:23:01.807 INFO [main] org.apache.catalina.core.ApplicationContext.log SessionListener: contextDestroyed()
02-May-2025 11:23:01.807 INFO [main] org.apache.catalina.core.ApplicationContext.log ContextListener: contextDestroyed()
02-May-2025 11:23:04.827 INFO [main] org.apache.catalina.core.ApplicationContext.log ContextListener: contextInitialized()
02-May-2025 11:23:04.827 INFO [main] org.apache.catalina.core.ApplicationContext.log SessionListener: contextInitialized()
02-May-2025 11:23:04.828 INFO [main] org.apache.catalina.core.ApplicationContext.log ContextListener: attributeAdded('StockTicker', 'async.Stockticker@499683c4')
02-May-2025 11:23:29.472 INFO [main] org.apache.catalina.core.ApplicationContext.log SessionListener: contextDestroyed()
02-May-2025 11:23:29.472 INFO [main] org.apache.catalina.core.ApplicationContext.log ContextListener: contextDestroyed()
02-May-2025 11:23:32.541 INFO [main] org.apache.catalina.core.ApplicationContext.log ContextListener: contextInitialized()
02-May-2025 11:23:32.541 INFO [main] org.apache.catalina.core.ApplicationContext.log SessionListener: contextInitialized()
02-May-2025 11:23:32.542 INFO [main] org.apache.catalina.core.ApplicationContext.log ContextListener: attributeAdded('StockTicker', 'async.Stockticker@499683c4')
02-May-2025 11:24:27.225 INFO [main] org.apache.catalina.core.ApplicationContext.log SessionListener: contextDestroyed()
02-May-2025 11:24:27.225 INFO [main] org.apache.catalina.core.ApplicationContext.log ContextListener: contextDestroyed()
02-May-2025 11:24:30.270 INFO [main] org.apache.catalina.core.ApplicationContext.log ContextListener: contextInitialized()
02-May-2025 11:24:30.270 INFO [main] org.apache.catalina.core.ApplicationContext.log SessionListener: contextInitialized()
02-May-2025 11:24:30.271 INFO [main] org.apache.catalina.core.ApplicationContext.log ContextListener: attributeAdded('StockTicker', 'async.Stockticker@25da615a')
02-May-2025 11:25:19.560 INFO [main] org.apache.catalina.core.ApplicationContext.log SessionListener: contextDestroyed()
02-May-2025 11:25:19.560 INFO [main] org.apache.catalina.core.ApplicationContext.log ContextListener: contextDestroyed()
02-May-2025 11:25:22.606 INFO [main] org.apache.catalina.core.ApplicationContext.log ContextListener: contextInitialized()
02-May-2025 11:25:22.606 INFO [main] org.apache.catalina.core.ApplicationContext.log SessionListener: contextInitialized()
02-May-2025 11:25:22.607 INFO [main] org.apache.catalina.core.ApplicationContext.log ContextListener: attributeAdded('StockTicker', 'async.Stockticker@43a51d00')
02-May-2025 11:30:30.148 INFO [main] org.apache.catalina.core.ApplicationContext.log SessionListener: contextDestroyed()
02-May-2025 11:30:30.148 INFO [main] org.apache.catalina.core.ApplicationContext.log ContextListener: contextDestroyed()
02-May-2025 11:30:33.205 INFO [main] org.apache.catalina.core.ApplicationContext.log ContextListener: contextInitialized()
02-May-2025 11:30:33.205 INFO [main] org.apache.catalina.core.ApplicationContext.log SessionListener: contextInitialized()
02-May-2025 11:30:33.206 INFO [main] org.apache.catalina.core.ApplicationContext.log ContextListener: attributeAdded('StockTicker', 'async.Stockticker@43a51d00')
02-May-2025 11:32:43.169 INFO [main] org.apache.catalina.core.ApplicationContext.log SessionListener: contextDestroyed()
02-May-2025 11:32:43.169 INFO [main] org.apache.catalina.core.ApplicationContext.log ContextListener: contextDestroyed()
02-May-2025 11:32:46.234 INFO [main] org.apache.catalina.core.ApplicationContext.log ContextListener: contextInitialized()
02-May-2025 11:32:46.234 INFO [main] org.apache.catalina.core.ApplicationContext.log SessionListener: contextInitialized()
02-May-2025 11:32:46.235 INFO [main] org.apache.catalina.core.ApplicationContext.log ContextListener: attributeAdded('StockTicker', 'async.Stockticker@25da615a')
02-May-2025 11:35:48.289 INFO [main] org.apache.catalina.core.ApplicationContext.log SessionListener: contextDestroyed()
02-May-2025 11:35:48.289 INFO [main] org.apache.catalina.core.ApplicationContext.log ContextListener: contextDestroyed()
02-May-2025 11:35:51.322 INFO [main] org.apache.catalina.core.ApplicationContext.log ContextListener: contextInitialized()
02-May-2025 11:35:51.322 INFO [main] org.apache.catalina.core.ApplicationContext.log SessionListener: contextInitialized()
02-May-2025 11:35:51.323 INFO [main] org.apache.catalina.core.ApplicationContext.log ContextListener: attributeAdded('StockTicker', 'async.Stockticker@25da615a')
02-May-2025 11:39:34.371 INFO [main] org.apache.catalina.core.ApplicationContext.log SessionListener: contextDestroyed()
02-May-2025 11:39:34.371 INFO [main] org.apache.catalina.core.ApplicationContext.log ContextListener: contextDestroyed()
02-May-2025 11:39:37.433 INFO [main] org.apache.catalina.core.ApplicationContext.log ContextListener: contextInitialized()
02-May-2025 11:39:37.433 INFO [main] org.apache.catalina.core.ApplicationContext.log SessionListener: contextInitialized()
02-May-2025 11:39:37.434 INFO [main] org.apache.catalina.core.ApplicationContext.log ContextListener: attributeAdded('StockTicker', 'async.Stockticker@43a51d00')
02-May-2025 11:43:02.332 INFO [main] org.apache.catalina.core.ApplicationContext.log SessionListener: contextDestroyed()
02-May-2025 11:43:02.332 INFO [main] org.apache.catalina.core.ApplicationContext.log ContextListener: contextDestroyed()
02-May-2025 11:43:05.397 INFO [main] org.apache.catalina.core.ApplicationContext.log ContextListener: contextInitialized()
02-May-2025 11:43:05.397 INFO [main] org.apache.catalina.core.ApplicationContext.log SessionListener: contextInitialized()
02-May-2025 11:43:05.398 INFO [main] org.apache.catalina.core.ApplicationContext.log ContextListener: attributeAdded('StockTicker', 'async.Stockticker@499683c4')
02-May-2025 11:52:35.538 INFO [main] org.apache.catalina.core.ApplicationContext.log SessionListener: contextDestroyed()
02-May-2025 11:52:35.538 INFO [main] org.apache.catalina.core.ApplicationContext.log ContextListener: contextDestroyed()
02-May-2025 11:52:38.589 INFO [main] org.apache.catalina.core.ApplicationContext.log ContextListener: contextInitialized()
02-May-2025 11:52:38.589 INFO [main] org.apache.catalina.core.ApplicationContext.log SessionListener: contextInitialized()
02-May-2025 11:52:38.589 INFO [main] org.apache.catalina.core.ApplicationContext.log ContextListener: attributeAdded('StockTicker', 'async.Stockticker@499683c4')
02-May-2025 11:55:53.294 INFO [main] org.apache.catalina.core.ApplicationContext.log SessionListener: contextDestroyed()
02-May-2025 11:55:53.294 INFO [main] org.apache.catalina.core.ApplicationContext.log ContextListener: contextDestroyed()
02-May-2025 11:55:56.362 INFO [main] org.apache.catalina.core.ApplicationContext.log ContextListener: contextInitialized()
02-May-2025 11:55:56.362 INFO [main] org.apache.catalina.core.ApplicationContext.log SessionListener: contextInitialized()
02-May-2025 11:55:56.363 INFO [main] org.apache.catalina.core.ApplicationContext.log ContextListener: attributeAdded('StockTicker', 'async.Stockticker@43a51d00')
02-May-2025 11:57:17.836 INFO [main] org.apache.catalina.core.ApplicationContext.log SessionListener: contextDestroyed()
02-May-2025 11:57:17.837 INFO [main] org.apache.catalina.core.ApplicationContext.log ContextListener: contextDestroyed()
02-May-2025 11:57:20.865 INFO [main] org.apache.catalina.core.ApplicationContext.log ContextListener: contextInitialized()
02-May-2025 11:57:20.865 INFO [main] org.apache.catalina.core.ApplicationContext.log SessionListener: contextInitialized()
02-May-2025 11:57:20.866 INFO [main] org.apache.catalina.core.ApplicationContext.log ContextListener: attributeAdded('StockTicker', 'async.Stockticker@4efc25fc')
02-May-2025 11:58:28.293 INFO [main] org.apache.catalina.core.ApplicationContext.log SessionListener: contextDestroyed()
02-May-2025 11:58:28.293 INFO [main] org.apache.catalina.core.ApplicationContext.log ContextListener: contextDestroyed()
02-May-2025 11:58:31.346 INFO [main] org.apache.catalina.core.ApplicationContext.log ContextListener: contextInitialized()
02-May-2025 11:58:31.346 INFO [main] org.apache.catalina.core.ApplicationContext.log SessionListener: contextInitialized()
02-May-2025 11:58:31.347 INFO [main] org.apache.catalina.core.ApplicationContext.log ContextListener: attributeAdded('StockTicker', 'async.Stockticker@75308740')
02-May-2025 12:04:13.746 INFO [main] org.apache.catalina.core.ApplicationContext.log SessionListener: contextDestroyed()
02-May-2025 12:04:13.746 INFO [main] org.apache.catalina.core.ApplicationContext.log ContextListener: contextDestroyed()
02-May-2025 12:04:16.765 INFO [main] org.apache.catalina.core.ApplicationContext.log ContextListener: contextInitialized()
02-May-2025 12:04:16.765 INFO [main] org.apache.catalina.core.ApplicationContext.log SessionListener: contextInitialized()
02-May-2025 12:04:16.766 INFO [main] org.apache.catalina.core.ApplicationContext.log ContextListener: attributeAdded('StockTicker', 'async.Stockticker@4efc25fc')
02-May-2025 12:06:07.189 INFO [main] org.apache.catalina.core.ApplicationContext.log SessionListener: contextDestroyed()
02-May-2025 12:06:07.189 INFO [main] org.apache.catalina.core.ApplicationContext.log ContextListener: contextDestroyed()
02-May-2025 12:06:10.209 INFO [main] org.apache.catalina.core.ApplicationContext.log ContextListener: contextInitialized()
02-May-2025 12:06:10.209 INFO [main] org.apache.catalina.core.ApplicationContext.log SessionListener: contextInitialized()
02-May-2025 12:06:10.210 INFO [main] org.apache.catalina.core.ApplicationContext.log ContextListener: attributeAdded('StockTicker', 'async.Stockticker@363a3d15')
02-May-2025 12:06:35.829 INFO [main] org.apache.catalina.core.ApplicationContext.log SessionListener: contextDestroyed()
02-May-2025 12:06:35.829 INFO [main] org.apache.catalina.core.ApplicationContext.log ContextListener: contextDestroyed()
02-May-2025 12:06:38.872 INFO [main] org.apache.catalina.core.ApplicationContext.log ContextListener: contextInitialized()
02-May-2025 12:06:38.872 INFO [main] org.apache.catalina.core.ApplicationContext.log SessionListener: contextInitialized()
02-May-2025 12:06:38.873 INFO [main] org.apache.catalina.core.ApplicationContext.log ContextListener: attributeAdded('StockTicker', 'async.Stockticker@4efc25fc')
