08-Jun-2025 13:35:59.448 INFO [main] org.apache.catalina.core.ApplicationContext.log ContextListener: contextInitialized()
08-Jun-2025 13:35:59.449 INFO [main] org.apache.catalina.core.ApplicationContext.log SessionListener: contextInitialized()
08-Jun-2025 13:35:59.450 INFO [main] org.apache.catalina.core.ApplicationContext.log ContextListener: attributeAdded('StockTicker', 'async.Stockticker@43a51d00')
08-Jun-2025 14:29:03.736 INFO [main] org.apache.catalina.core.ApplicationContext.log ContextListener: contextInitialized()
08-Jun-2025 14:29:03.736 INFO [main] org.apache.catalina.core.ApplicationContext.log SessionListener: contextInitialized()
08-Jun-2025 14:29:03.737 INFO [main] org.apache.catalina.core.ApplicationContext.log ContextListener: attributeAdded('StockTicker', 'async.Stockticker@2eaef76d')
08-Jun-2025 14:29:03.854 INFO [main] org.apache.catalina.core.ApplicationContext.log SessionListener: contextDestroyed()
08-Jun-2025 14:29:03.854 INFO [main] org.apache.catalina.core.ApplicationContext.log ContextListener: contextDestroyed()
08-Jun-2025 14:38:09.875 INFO [main] org.apache.catalina.core.ApplicationContext.log ContextListener: contextInitialized()
08-Jun-2025 14:38:09.875 INFO [main] org.apache.catalina.core.ApplicationContext.log SessionListener: contextInitialized()
08-Jun-2025 14:38:09.876 INFO [main] org.apache.catalina.core.ApplicationContext.log ContextListener: attributeAdded('StockTicker', 'async.Stockticker@118102ee')
08-Jun-2025 14:38:09.989 INFO [main] org.apache.catalina.core.ApplicationContext.log SessionListener: contextDestroyed()
08-Jun-2025 14:38:09.989 INFO [main] org.apache.catalina.core.ApplicationContext.log ContextListener: contextDestroyed()
08-Jun-2025 15:11:50.607 INFO [main] org.apache.catalina.core.ApplicationContext.log ContextListener: contextInitialized()
08-Jun-2025 15:11:50.607 INFO [main] org.apache.catalina.core.ApplicationContext.log SessionListener: contextInitialized()
08-Jun-2025 15:11:50.608 INFO [main] org.apache.catalina.core.ApplicationContext.log ContextListener: attributeAdded('StockTicker', 'async.Stockticker@22590e3e')
08-Jun-2025 15:11:50.738 INFO [main] org.apache.catalina.core.ApplicationContext.log SessionListener: contextDestroyed()
08-Jun-2025 15:11:50.738 INFO [main] org.apache.catalina.core.ApplicationContext.log ContextListener: contextDestroyed()
08-Jun-2025 15:16:22.749 INFO [main] org.apache.catalina.core.ApplicationContext.log SessionListener: contextDestroyed()
08-Jun-2025 15:16:22.749 INFO [main] org.apache.catalina.core.ApplicationContext.log ContextListener: contextDestroyed()
08-Jun-2025 15:19:30.045 INFO [main] org.apache.catalina.core.ApplicationContext.log ContextListener: contextInitialized()
08-Jun-2025 15:19:30.045 INFO [main] org.apache.catalina.core.ApplicationContext.log SessionListener: contextInitialized()
08-Jun-2025 15:19:30.046 INFO [main] org.apache.catalina.core.ApplicationContext.log ContextListener: attributeAdded('StockTicker', 'async.Stockticker@7ee3d262')
